Using pre-set license
Built from '2021.1/staging' branch; Version is '2021.1.2f1 (e5d502d80fbb) revision 15062274'; Using compiler version '192528614'; Build Type 'Release'
OS: 'Windows 10 Home; OS build 19042.1110; Version 2009; 64bit' Language: 'es' Physical Memory: 7959 MB
BatchMode: 1, IsHumanControllingUs: 0, StartBugReporterOnCrash: 0, Is64bit: 1, IsPro: 0

 COMMAND LINE ARGUMENTS:
C:\Program Files\Unity\Hub\Editor\2021.1.2f1\Editor\Unity.exe
-adb2
-batchMode
-noUpm
-name
AssetImportWorker0
-projectPath
C:/JUEGOCRACKJACK/progravideojuegos
-logFile
Logs/AssetImportWorker0.log
-srvPort
55711
Successfully changed project path to: C:/JUEGOCRACKJACK/progravideojuegos
C:/JUEGOCRACKJACK/progravideojuegos
Using Asset Import Pipeline V2.
Refreshing native plugins compatible for Editor in 149.37 ms, found 2 plugins.
Preloading 0 native plugins for Editor in 0.00 ms.
Initialize engine version: 2021.1.2f1 (e5d502d80fbb)
[Subsystems] Discovering subsystems at path C:/Program Files/Unity/Hub/Editor/2021.1.2f1/Editor/Data/Resources/UnitySubsystems
[Subsystems] Discovering subsystems at path C:/JUEGOCRACKJACK/progravideojuegos/Assets
GfxDevice: creating device client; threaded=0; jobified=0
Direct3D:
    Version:  Direct3D 11.0 [level 11.1]
    Renderer: Intel(R) UHD Graphics (ID=0x8a56)
    Vendor:   Intel
    VRAM:     3979 MB
    Driver:   26.20.100.7870
Initialize mono
Mono path[0] = 'C:/Program Files/Unity/Hub/Editor/2021.1.2f1/Editor/Data/Managed'
Mono path[1] = 'C:/Program Files/Unity/Hub/Editor/2021.1.2f1/Editor/Data/MonoBleedingEdge/lib/mono/unityjit'
Mono config path = 'C:/Program Files/Unity/Hub/Editor/2021.1.2f1/Editor/Data/MonoBleedingEdge/etc'
Using monoOptions --debugger-agent=transport=dt_socket,embedding=1,server=y,suspend=n,address=127.0.0.1:56528
Begin MonoManager ReloadAssembly
Registering precompiled unity dll's ...
Register platform support module: C:/Program Files/Unity/Hub/Editor/2021.1.2f1/Editor/Data/PlaybackEngines/WindowsStandaloneSupport/UnityEditor.WindowsStandalone.Extensions.dll
Registered in 0.004397 seconds.
Native extension for WindowsStandalone target not found
Refreshing native plugins compatible for Editor in 158.97 ms, found 2 plugins.
Preloading 0 native plugins for Editor in 0.00 ms.
Mono: successfully reloaded assembly
- Completed reload, in  3.257 seconds
Platform modules already initialized, skipping
Registering precompiled user dll's ...
Registered in 0.015548 seconds.
Begin MonoManager ReloadAssembly
Native extension for WindowsStandalone target not found
Refreshing native plugins compatible for Editor in 208.06 ms, found 2 plugins.
Preloading 0 native plugins for Editor in 0.00 ms.
Mono: successfully reloaded assembly
- Completed reload, in  2.054 seconds
Platform modules already initialized, skipping
========================================================================
Worker process is ready to serve import requests
Launched and connected shader compiler UnityShaderCompiler.exe after 0.07 seconds
Refreshing native plugins compatible for Editor in 1.75 ms, found 2 plugins.
Preloading 0 native plugins for Editor in 0.00 ms.
Unloading 3528 Unused Serialized files (Serialized files now loaded: 0)
System memory in use before: 133.6 MB.
System memory in use after: 133.7 MB.

Unloading 29 unused Assets to reduce memory usage. Loaded Objects now: 3982.
Total: 3.178800 ms (FindLiveObjects: 0.515100 ms CreateObjectMapping: 0.225600 ms MarkObjects: 2.282900 ms  DeleteObjects: 0.153200 ms)

========================================================================
Received Import Request.
  path: Assets/Fonts/NITEMARE.TTF
  artifactKey: Guid(ab2fa49c48ce1304bb0be6e64b3d3d9a) Importer(815301076,1909f56bfc062723c751e8b465ee728b)
Start importing Assets/Fonts/NITEMARE.TTF using Guid(ab2fa49c48ce1304bb0be6e64b3d3d9a) Importer(815301076,1909f56bfc062723c751e8b465ee728b)  -> (artifact id: 'c923eb748c98578e005c5a20b50a64b5') in 0.183350 seconds 
========================================================================
Received Import Request.
  Time since last request: 283.827484 seconds.
  path: Assets/Scripts/Rotate.cs
  artifactKey: Guid(1ef9a6c9cae3bbd4d852612f9ce9e7c2) Importer(815301076,1909f56bfc062723c751e8b465ee728b)
Start importing Assets/Scripts/Rotate.cs using Guid(1ef9a6c9cae3bbd4d852612f9ce9e7c2) Importer(815301076,1909f56bfc062723c751e8b465ee728b)  -> (artifact id: '53859d537022f5f5e4926326820425ac') in 0.021326 seconds 
========================================================================
Received Prepare
Registering precompiled user dll's ...
Registered in 0.004717 seconds.
Begin MonoManager ReloadAssembly
Native extension for WindowsStandalone target not found
Refreshing native plugins compatible for Editor in 0.82 ms, found 2 plugins.
Preloading 0 native plugins for Editor in 0.00 ms.
Mono: successfully reloaded assembly
- Completed reload, in  1.508 seconds
Platform modules already initialized, skipping
Refreshing native plugins compatible for Editor in 0.90 ms, found 2 plugins.
Preloading 0 native plugins for Editor in 0.00 ms.
Unloading 3521 Unused Serialized files (Serialized files now loaded: 0)
System memory in use before: 137.7 MB.
System memory in use after: 137.9 MB.

Unloading 17 unused Assets to reduce memory usage. Loaded Objects now: 4045.
Total: 3.734500 ms (FindLiveObjects: 0.596500 ms CreateObjectMapping: 0.216700 ms MarkObjects: 2.792500 ms  DeleteObjects: 0.127300 ms)

========================================================================
Received Prepare
Registering precompiled user dll's ...
Registered in 0.004375 seconds.
Begin MonoManager ReloadAssembly
Native extension for WindowsStandalone target not found
Refreshing native plugins compatible for Editor in 0.72 ms, found 2 plugins.
Preloading 0 native plugins for Editor in 0.00 ms.
Mono: successfully reloaded assembly
- Completed reload, in  1.422 seconds
Platform modules already initialized, skipping
Refreshing native plugins compatible for Editor in 0.86 ms, found 2 plugins.
Preloading 0 native plugins for Editor in 0.00 ms.
Unloading 3520 Unused Serialized files (Serialized files now loaded: 0)
System memory in use before: 137.8 MB.
System memory in use after: 137.9 MB.

Unloading 17 unused Assets to reduce memory usage. Loaded Objects now: 4049.
Total: 4.012300 ms (FindLiveObjects: 0.552800 ms CreateObjectMapping: 0.197800 ms MarkObjects: 3.112400 ms  DeleteObjects: 0.132200 ms)

========================================================================
Received Prepare
Registering precompiled user dll's ...
Registered in 0.005620 seconds.
Begin MonoManager ReloadAssembly
Native extension for WindowsStandalone target not found
Refreshing native plugins compatible for Editor in 1.35 ms, found 2 plugins.
Preloading 0 native plugins for Editor in 0.00 ms.
Mono: successfully reloaded assembly
- Completed reload, in  1.475 seconds
Platform modules already initialized, skipping
Refreshing native plugins compatible for Editor in 1.64 ms, found 2 plugins.
Preloading 0 native plugins for Editor in 0.00 ms.
Unloading 3520 Unused Serialized files (Serialized files now loaded: 0)
System memory in use before: 137.8 MB.
System memory in use after: 138.0 MB.

Unloading 17 unused Assets to reduce memory usage. Loaded Objects now: 4053.
Total: 3.183800 ms (FindLiveObjects: 0.429600 ms CreateObjectMapping: 0.187100 ms MarkObjects: 2.399600 ms  DeleteObjects: 0.166200 ms)

========================================================================
Received Prepare
Registering precompiled user dll's ...
Registered in 0.013311 seconds.
Begin MonoManager ReloadAssembly
Native extension for WindowsStandalone target not found
Refreshing native plugins compatible for Editor in 1.01 ms, found 2 plugins.
Preloading 0 native plugins for Editor in 0.00 ms.
Mono: successfully reloaded assembly
- Completed reload, in  1.250 seconds
Platform modules already initialized, skipping
Refreshing native plugins compatible for Editor in 0.75 ms, found 2 plugins.
Preloading 0 native plugins for Editor in 0.00 ms.
Unloading 3520 Unused Serialized files (Serialized files now loaded: 0)
System memory in use before: 137.8 MB.
System memory in use after: 138.0 MB.

Unloading 17 unused Assets to reduce memory usage. Loaded Objects now: 4057.
Total: 5.595400 ms (FindLiveObjects: 0.644900 ms CreateObjectMapping: 0.294600 ms MarkObjects: 4.508300 ms  DeleteObjects: 0.144900 ms)

========================================================================
Received Prepare
Registering precompiled user dll's ...
Registered in 0.003926 seconds.
Begin MonoManager ReloadAssembly
Native extension for WindowsStandalone target not found
Refreshing native plugins compatible for Editor in 0.77 ms, found 2 plugins.
Preloading 0 native plugins for Editor in 0.00 ms.
Mono: successfully reloaded assembly
- Completed reload, in  1.177 seconds
Platform modules already initialized, skipping
Refreshing native plugins compatible for Editor in 1.22 ms, found 2 plugins.
Preloading 0 native plugins for Editor in 0.00 ms.
Unloading 3520 Unused Serialized files (Serialized files now loaded: 0)
System memory in use before: 137.9 MB.
System memory in use after: 138.1 MB.

Unloading 17 unused Assets to reduce memory usage. Loaded Objects now: 4061.
Total: 3.698800 ms (FindLiveObjects: 0.479600 ms CreateObjectMapping: 0.227400 ms MarkObjects: 2.865100 ms  DeleteObjects: 0.124800 ms)

========================================================================
Received Prepare
Registering precompiled user dll's ...
Registered in 0.007470 seconds.
Begin MonoManager ReloadAssembly
Native extension for WindowsStandalone target not found
Refreshing native plugins compatible for Editor in 1.24 ms, found 2 plugins.
Preloading 0 native plugins for Editor in 0.00 ms.
Mono: successfully reloaded assembly
- Completed reload, in  1.637 seconds
Platform modules already initialized, skipping
Refreshing native plugins compatible for Editor in 1.02 ms, found 2 plugins.
Preloading 0 native plugins for Editor in 0.00 ms.
Unloading 3520 Unused Serialized files (Serialized files now loaded: 0)
System memory in use before: 137.9 MB.
System memory in use after: 138.1 MB.

Unloading 17 unused Assets to reduce memory usage. Loaded Objects now: 4065.
Total: 4.261700 ms (FindLiveObjects: 0.420200 ms CreateObjectMapping: 0.198100 ms MarkObjects: 3.318900 ms  DeleteObjects: 0.320400 ms)

========================================================================
Received Prepare
Registering precompiled user dll's ...
Registered in 0.003718 seconds.
Begin MonoManager ReloadAssembly
Native extension for WindowsStandalone target not found
Refreshing native plugins compatible for Editor in 1.15 ms, found 2 plugins.
Preloading 0 native plugins for Editor in 0.00 ms.
Mono: successfully reloaded assembly
- Completed reload, in  1.393 seconds
Platform modules already initialized, skipping
Refreshing native plugins compatible for Editor in 0.80 ms, found 2 plugins.
Preloading 0 native plugins for Editor in 0.00 ms.
Unloading 3520 Unused Serialized files (Serialized files now loaded: 0)
System memory in use before: 137.9 MB.
System memory in use after: 138.1 MB.

Unloading 17 unused Assets to reduce memory usage. Loaded Objects now: 4069.
Total: 3.821200 ms (FindLiveObjects: 0.468400 ms CreateObjectMapping: 0.250900 ms MarkObjects: 3.007400 ms  DeleteObjects: 0.093000 ms)

========================================================================
Received Prepare
Registering precompiled user dll's ...
Registered in 0.008337 seconds.
Begin MonoManager ReloadAssembly
Native extension for WindowsStandalone target not found
Refreshing native plugins compatible for Editor in 1.55 ms, found 2 plugins.
Preloading 0 native plugins for Editor in 0.00 ms.
Mono: successfully reloaded assembly
- Completed reload, in  1.260 seconds
Platform modules already initialized, skipping
Refreshing native plugins compatible for Editor in 0.86 ms, found 2 plugins.
Preloading 0 native plugins for Editor in 0.00 ms.
Unloading 3519 Unused Serialized files (Serialized files now loaded: 0)
System memory in use before: 137.9 MB.
System memory in use after: 138.1 MB.

Unloading 18 unused Assets to reduce memory usage. Loaded Objects now: 4072.
Total: 4.355200 ms (FindLiveObjects: 0.618800 ms CreateObjectMapping: 0.528600 ms MarkObjects: 3.115000 ms  DeleteObjects: 0.091300 ms)

========================================================================
Received Import Request.
  Time since last request: 619.181430 seconds.
  path: Assets/Scripts/MainMenu.cs
  artifactKey: Guid(42cb64ee927da664b96ecd185dc59952) Importer(815301076,1909f56bfc062723c751e8b465ee728b)
Start importing Assets/Scripts/MainMenu.cs using Guid(42cb64ee927da664b96ecd185dc59952) Importer(815301076,1909f56bfc062723c751e8b465ee728b)  -> (artifact id: '3e33746f83a6709fa9e2dc3579c058b8') in 0.018062 seconds 
========================================================================
Received Prepare
Registering precompiled user dll's ...
Registered in 0.004771 seconds.
Begin MonoManager ReloadAssembly
Native extension for WindowsStandalone target not found
Refreshing native plugins compatible for Editor in 1.03 ms, found 2 plugins.
Preloading 0 native plugins for Editor in 0.00 ms.
Mono: successfully reloaded assembly
- Completed reload, in  1.528 seconds
Platform modules already initialized, skipping
Refreshing native plugins compatible for Editor in 2.12 ms, found 2 plugins.
Preloading 0 native plugins for Editor in 0.00 ms.
Unloading 3520 Unused Serialized files (Serialized files now loaded: 0)
System memory in use before: 137.9 MB.
System memory in use after: 138.1 MB.

Unloading 17 unused Assets to reduce memory usage. Loaded Objects now: 4077.
Total: 6.202900 ms (FindLiveObjects: 1.166600 ms CreateObjectMapping: 0.479700 ms MarkObjects: 4.431200 ms  DeleteObjects: 0.124000 ms)

========================================================================
Received Prepare
Registering precompiled user dll's ...
Registered in 0.006540 seconds.
Begin MonoManager ReloadAssembly
Native extension for WindowsStandalone target not found
Refreshing native plugins compatible for Editor in 0.74 ms, found 2 plugins.
Preloading 0 native plugins for Editor in 0.00 ms.
Mono: successfully reloaded assembly
- Completed reload, in  1.237 seconds
Platform modules already initialized, skipping
Refreshing native plugins compatible for Editor in 0.69 ms, found 2 plugins.
Preloading 0 native plugins for Editor in 0.00 ms.
Unloading 3520 Unused Serialized files (Serialized files now loaded: 0)
System memory in use before: 137.9 MB.
System memory in use after: 138.1 MB.

Unloading 17 unused Assets to reduce memory usage. Loaded Objects now: 4081.
Total: 2.869500 ms (FindLiveObjects: 0.261300 ms CreateObjectMapping: 0.107400 ms MarkObjects: 2.396600 ms  DeleteObjects: 0.102600 ms)

========================================================================
Received Import Request.
  Time since last request: 123.762807 seconds.
  path: Assets/Scripts/MainMenu.cs
  artifactKey: Guid(42cb64ee927da664b96ecd185dc59952) Importer(815301076,1909f56bfc062723c751e8b465ee728b)
Start importing Assets/Scripts/MainMenu.cs using Guid(42cb64ee927da664b96ecd185dc59952) Importer(815301076,1909f56bfc062723c751e8b465ee728b)  -> (artifact id: '438ceea3a6ca93cf672cbd94424cdc0a') in 0.014581 seconds 
========================================================================
Received Prepare
Registering precompiled user dll's ...
Registered in 0.003988 seconds.
Begin MonoManager ReloadAssembly
Native extension for WindowsStandalone target not found
Refreshing native plugins compatible for Editor in 0.78 ms, found 2 plugins.
Preloading 0 native plugins for Editor in 0.00 ms.
Mono: successfully reloaded assembly
- Completed reload, in  1.055 seconds
Platform modules already initialized, skipping
Refreshing native plugins compatible for Editor in 0.84 ms, found 2 plugins.
Preloading 0 native plugins for Editor in 0.00 ms.
Unloading 3520 Unused Serialized files (Serialized files now loaded: 0)
System memory in use before: 138.0 MB.
System memory in use after: 138.1 MB.

Unloading 17 unused Assets to reduce memory usage. Loaded Objects now: 4085.
Total: 5.136900 ms (FindLiveObjects: 0.473000 ms CreateObjectMapping: 0.232000 ms MarkObjects: 4.247000 ms  DeleteObjects: 0.183300 ms)

========================================================================
Received Prepare
Registering precompiled user dll's ...
Registered in 0.015462 seconds.
Begin MonoManager ReloadAssembly
Native extension for WindowsStandalone target not found
Refreshing native plugins compatible for Editor in 1.16 ms, found 2 plugins.
Preloading 0 native plugins for Editor in 0.00 ms.
Mono: successfully reloaded assembly
- Completed reload, in  1.370 seconds
Platform modules already initialized, skipping
Refreshing native plugins compatible for Editor in 0.79 ms, found 2 plugins.
Preloading 0 native plugins for Editor in 0.00 ms.
Unloading 3520 Unused Serialized files (Serialized files now loaded: 0)
System memory in use before: 138.0 MB.
System memory in use after: 138.1 MB.

Unloading 17 unused Assets to reduce memory usage. Loaded Objects now: 4089.
Total: 2.633900 ms (FindLiveObjects: 0.300100 ms CreateObjectMapping: 0.129800 ms MarkObjects: 2.096300 ms  DeleteObjects: 0.106400 ms)

========================================================================
Received Prepare
Registering precompiled user dll's ...
Registered in 0.003669 seconds.
Begin MonoManager ReloadAssembly
Native extension for WindowsStandalone target not found
Refreshing native plugins compatible for Editor in 0.70 ms, found 2 plugins.
Preloading 0 native plugins for Editor in 0.00 ms.
Mono: successfully reloaded assembly
- Completed reload, in  1.319 seconds
Platform modules already initialized, skipping
Refreshing native plugins compatible for Editor in 1.69 ms, found 2 plugins.
Preloading 0 native plugins for Editor in 0.00 ms.
Unloading 3520 Unused Serialized files (Serialized files now loaded: 0)
System memory in use before: 138.0 MB.
System memory in use after: 138.1 MB.

Unloading 17 unused Assets to reduce memory usage. Loaded Objects now: 4093.
Total: 2.538700 ms (FindLiveObjects: 0.260700 ms CreateObjectMapping: 0.095600 ms MarkObjects: 2.064700 ms  DeleteObjects: 0.116700 ms)

========================================================================
Received Import Request.
  Time since last request: 1011.477885 seconds.
  path: Assets/Scenes/Menu.unity
  artifactKey: Guid(d67c1090cea56b84e8f9ccb3e81f6393) Importer(815301076,1909f56bfc062723c751e8b465ee728b)
Start importing Assets/Scenes/Menu.unity using Guid(d67c1090cea56b84e8f9ccb3e81f6393) Importer(815301076,1909f56bfc062723c751e8b465ee728b)  -> (artifact id: '647789b6a81311f7f46667fb3aceedf4') in 0.026191 seconds 
========================================================================
Received Prepare
Registering precompiled user dll's ...
Registered in 0.005527 seconds.
Begin MonoManager ReloadAssembly
Native extension for WindowsStandalone target not found
Refreshing native plugins compatible for Editor in 0.78 ms, found 2 plugins.
Preloading 0 native plugins for Editor in 0.00 ms.
Mono: successfully reloaded assembly
- Completed reload, in  1.310 seconds
Platform modules already initialized, skipping
Refreshing native plugins compatible for Editor in 0.75 ms, found 2 plugins.
Preloading 0 native plugins for Editor in 0.00 ms.
Unloading 3520 Unused Serialized files (Serialized files now loaded: 0)
System memory in use before: 138.0 MB.
System memory in use after: 138.1 MB.

Unloading 17 unused Assets to reduce memory usage. Loaded Objects now: 4097.
Total: 3.124800 ms (FindLiveObjects: 0.373800 ms CreateObjectMapping: 0.125100 ms MarkObjects: 2.457100 ms  DeleteObjects: 0.167400 ms)

========================================================================
Received Prepare
Registering precompiled user dll's ...
Registered in 0.004084 seconds.
Begin MonoManager ReloadAssembly
Native extension for WindowsStandalone target not found
Refreshing native plugins compatible for Editor in 0.71 ms, found 2 plugins.
Preloading 0 native plugins for Editor in 0.00 ms.
Mono: successfully reloaded assembly
- Completed reload, in  1.639 seconds
Platform modules already initialized, skipping
Refreshing native plugins compatible for Editor in 1.21 ms, found 2 plugins.
Preloading 0 native plugins for Editor in 0.00 ms.
Unloading 3520 Unused Serialized files (Serialized files now loaded: 0)
System memory in use before: 138.0 MB.
System memory in use after: 138.2 MB.

Unloading 17 unused Assets to reduce memory usage. Loaded Objects now: 4101.
Total: 4.774000 ms (FindLiveObjects: 0.755300 ms CreateObjectMapping: 0.641100 ms MarkObjects: 3.226900 ms  DeleteObjects: 0.147300 ms)

========================================================================
Received Prepare
Registering precompiled user dll's ...
Registered in 0.007678 seconds.
Begin MonoManager ReloadAssembly
Native extension for WindowsStandalone target not found
Refreshing native plugins compatible for Editor in 1.77 ms, found 2 plugins.
Preloading 0 native plugins for Editor in 0.00 ms.
Mono: successfully reloaded assembly
- Completed reload, in  1.676 seconds
Platform modules already initialized, skipping
Refreshing native plugins compatible for Editor in 1.80 ms, found 2 plugins.
Preloading 0 native plugins for Editor in 0.00 ms.
Unloading 3521 Unused Serialized files (Serialized files now loaded: 0)
System memory in use before: 138.0 MB.
System memory in use after: 138.2 MB.

Unloading 17 unused Assets to reduce memory usage. Loaded Objects now: 4106.
Total: 5.079700 ms (FindLiveObjects: 0.614200 ms CreateObjectMapping: 0.355900 ms MarkObjects: 3.975500 ms  DeleteObjects: 0.131700 ms)

========================================================================
Received Import Request.
  Time since last request: 941.019144 seconds.
  path: Assets/Scripts/Pause.cs
  artifactKey: Guid(68e3d4327ab6f4243a1e826ef88ff405) Importer(815301076,1909f56bfc062723c751e8b465ee728b)
Start importing Assets/Scripts/Pause.cs using Guid(68e3d4327ab6f4243a1e826ef88ff405) Importer(815301076,1909f56bfc062723c751e8b465ee728b)  -> (artifact id: 'a3cf3ba541a548000e473b6a3c1918a1') in 0.011399 seconds 
========================================================================
Received Prepare
Registering precompiled user dll's ...
Registered in 0.006542 seconds.
Begin MonoManager ReloadAssembly
Native extension for WindowsStandalone target not found
Refreshing native plugins compatible for Editor in 1.25 ms, found 2 plugins.
Preloading 0 native plugins for Editor in 0.00 ms.
Mono: successfully reloaded assembly
- Completed reload, in  1.286 seconds
Platform modules already initialized, skipping
Refreshing native plugins compatible for Editor in 0.80 ms, found 2 plugins.
Preloading 0 native plugins for Editor in 0.00 ms.
Unloading 3521 Unused Serialized files (Serialized files now loaded: 0)
System memory in use before: 138.1 MB.
System memory in use after: 138.2 MB.

Unloading 17 unused Assets to reduce memory usage. Loaded Objects now: 4110.
Total: 3.676800 ms (FindLiveObjects: 0.489000 ms CreateObjectMapping: 0.399300 ms MarkObjects: 2.597400 ms  DeleteObjects: 0.189800 ms)

========================================================================
Received Prepare
Registering precompiled user dll's ...
Registered in 0.003893 seconds.
Begin MonoManager ReloadAssembly
Native extension for WindowsStandalone target not found
Refreshing native plugins compatible for Editor in 1.70 ms, found 2 plugins.
Preloading 0 native plugins for Editor in 0.00 ms.
Mono: successfully reloaded assembly
- Completed reload, in  2.226 seconds
Platform modules already initialized, skipping
Refreshing native plugins compatible for Editor in 0.75 ms, found 2 plugins.
Preloading 0 native plugins for Editor in 0.00 ms.
Unloading 3521 Unused Serialized files (Serialized files now loaded: 0)
System memory in use before: 138.1 MB.
System memory in use after: 138.2 MB.

Unloading 17 unused Assets to reduce memory usage. Loaded Objects now: 4114.
Total: 4.754800 ms (FindLiveObjects: 0.355600 ms CreateObjectMapping: 0.131200 ms MarkObjects: 4.027700 ms  DeleteObjects: 0.239000 ms)

========================================================================
Received Import Request.
  Time since last request: 2115.810006 seconds.
  path: Assets/Scripts/Pause.cs
  artifactKey: Guid(68e3d4327ab6f4243a1e826ef88ff405) Importer(815301076,1909f56bfc062723c751e8b465ee728b)
Start importing Assets/Scripts/Pause.cs using Guid(68e3d4327ab6f4243a1e826ef88ff405) Importer(815301076,1909f56bfc062723c751e8b465ee728b)  -> (artifact id: '6714dba0c3999cd3d1fe5abccaba0a41') in 0.019143 seconds 
========================================================================
Received Prepare
Registering precompiled user dll's ...
Registered in 0.008061 seconds.
Begin MonoManager ReloadAssembly
Native extension for WindowsStandalone target not found
Refreshing native plugins compatible for Editor in 1.16 ms, found 2 plugins.
Preloading 0 native plugins for Editor in 0.00 ms.
Mono: successfully reloaded assembly
- Completed reload, in  1.327 seconds
Platform modules already initialized, skipping
Refreshing native plugins compatible for Editor in 0.81 ms, found 2 plugins.
Preloading 0 native plugins for Editor in 0.00 ms.
Unloading 3521 Unused Serialized files (Serialized files now loaded: 0)
System memory in use before: 138.1 MB.
System memory in use after: 138.2 MB.

Unloading 17 unused Assets to reduce memory usage. Loaded Objects now: 4118.
Total: 4.473500 ms (FindLiveObjects: 0.523900 ms CreateObjectMapping: 0.223200 ms MarkObjects: 3.560200 ms  DeleteObjects: 0.164600 ms)

========================================================================
Received Prepare
Registering precompiled user dll's ...
Registered in 0.003819 seconds.
Begin MonoManager ReloadAssembly
Native extension for WindowsStandalone target not found
Refreshing native plugins compatible for Editor in 0.76 ms, found 2 plugins.
Preloading 0 native plugins for Editor in 0.00 ms.
Mono: successfully reloaded assembly
- Completed reload, in  1.495 seconds
Platform modules already initialized, skipping
Refreshing native plugins compatible for Editor in 0.72 ms, found 2 plugins.
Preloading 0 native plugins for Editor in 0.00 ms.
Unloading 3521 Unused Serialized files (Serialized files now loaded: 0)
System memory in use before: 138.1 MB.
System memory in use after: 138.2 MB.

Unloading 17 unused Assets to reduce memory usage. Loaded Objects now: 4122.
Total: 6.015500 ms (FindLiveObjects: 0.759100 ms CreateObjectMapping: 0.171400 ms MarkObjects: 4.748300 ms  DeleteObjects: 0.333600 ms)

========================================================================
Received Prepare
Registering precompiled user dll's ...
Registered in 0.003777 seconds.
Begin MonoManager ReloadAssembly
Native extension for WindowsStandalone target not found
Refreshing native plugins compatible for Editor in 1.33 ms, found 2 plugins.
Preloading 0 native plugins for Editor in 0.02 ms.
Mono: successfully reloaded assembly
- Completed reload, in  1.631 seconds
Platform modules already initialized, skipping
Refreshing native plugins compatible for Editor in 0.99 ms, found 2 plugins.
Preloading 0 native plugins for Editor in 0.00 ms.
Unloading 3521 Unused Serialized files (Serialized files now loaded: 0)
System memory in use before: 138.1 MB.
System memory in use after: 138.2 MB.

Unloading 17 unused Assets to reduce memory usage. Loaded Objects now: 4126.
Total: 3.905800 ms (FindLiveObjects: 0.300900 ms CreateObjectMapping: 0.117600 ms MarkObjects: 3.382500 ms  DeleteObjects: 0.103500 ms)

========================================================================
Received Prepare
Registering precompiled user dll's ...
Registered in 0.005381 seconds.
Begin MonoManager ReloadAssembly
Native extension for WindowsStandalone target not found
Refreshing native plugins compatible for Editor in 0.71 ms, found 2 plugins.
Preloading 0 native plugins for Editor in 0.00 ms.
Mono: successfully reloaded assembly
- Completed reload, in  1.368 seconds
Platform modules already initialized, skipping
Refreshing native plugins compatible for Editor in 1.75 ms, found 2 plugins.
Preloading 0 native plugins for Editor in 0.00 ms.
Unloading 3521 Unused Serialized files (Serialized files now loaded: 0)
System memory in use before: 138.1 MB.
System memory in use after: 138.2 MB.

Unloading 17 unused Assets to reduce memory usage. Loaded Objects now: 4130.
Total: 2.467200 ms (FindLiveObjects: 0.323700 ms CreateObjectMapping: 0.162100 ms MarkObjects: 1.879200 ms  DeleteObjects: 0.101200 ms)

========================================================================
Received Prepare
Registering precompiled user dll's ...
Registered in 0.008921 seconds.
Begin MonoManager ReloadAssembly
Native extension for WindowsStandalone target not found
Refreshing native plugins compatible for Editor in 0.99 ms, found 2 plugins.
Preloading 0 native plugins for Editor in 0.00 ms.
Mono: successfully reloaded assembly
- Completed reload, in  1.518 seconds
Platform modules already initialized, skipping
Refreshing native plugins compatible for Editor in 0.69 ms, found 2 plugins.
Preloading 0 native plugins for Editor in 0.00 ms.
Unloading 3521 Unused Serialized files (Serialized files now loaded: 0)
System memory in use before: 138.1 MB.
System memory in use after: 138.2 MB.

Unloading 17 unused Assets to reduce memory usage. Loaded Objects now: 4134.
Total: 2.668300 ms (FindLiveObjects: 0.279700 ms CreateObjectMapping: 0.151000 ms MarkObjects: 2.115700 ms  DeleteObjects: 0.120900 ms)

========================================================================
Received Prepare
Registering precompiled user dll's ...
Registered in 0.004945 seconds.
Begin MonoManager ReloadAssembly
Native extension for WindowsStandalone target not found
Refreshing native plugins compatible for Editor in 1.23 ms, found 2 plugins.
Preloading 0 native plugins for Editor in 0.00 ms.
Mono: successfully reloaded assembly
- Completed reload, in  1.595 seconds
Platform modules already initialized, skipping
Refreshing native plugins compatible for Editor in 0.75 ms, found 2 plugins.
Preloading 0 native plugins for Editor in 0.00 ms.
Unloading 3521 Unused Serialized files (Serialized files now loaded: 0)
System memory in use before: 138.1 MB.
System memory in use after: 138.3 MB.

Unloading 17 unused Assets to reduce memory usage. Loaded Objects now: 4138.
Total: 3.193300 ms (FindLiveObjects: 0.388200 ms CreateObjectMapping: 0.201700 ms MarkObjects: 2.500500 ms  DeleteObjects: 0.101500 ms)

========================================================================
Received Prepare
Registering precompiled user dll's ...
Registered in 0.004163 seconds.
Begin MonoManager ReloadAssembly
Native extension for WindowsStandalone target not found
Refreshing native plugins compatible for Editor in 0.69 ms, found 2 plugins.
Preloading 0 native plugins for Editor in 0.00 ms.
Mono: successfully reloaded assembly
- Completed reload, in  1.255 seconds
Platform modules already initialized, skipping
Refreshing native plugins compatible for Editor in 0.94 ms, found 2 plugins.
Preloading 0 native plugins for Editor in 0.00 ms.
Unloading 3521 Unused Serialized files (Serialized files now loaded: 0)
System memory in use before: 138.1 MB.
System memory in use after: 138.3 MB.

Unloading 17 unused Assets to reduce memory usage. Loaded Objects now: 4142.
Total: 5.246600 ms (FindLiveObjects: 0.382000 ms CreateObjectMapping: 0.327300 ms MarkObjects: 4.372600 ms  DeleteObjects: 0.163100 ms)

========================================================================
Received Import Request.
  Time since last request: 2761.603559 seconds.
  path: Assets/Scenes/Menu.unity
  artifactKey: Guid(d67c1090cea56b84e8f9ccb3e81f6393) Importer(815301076,1909f56bfc062723c751e8b465ee728b)
Start importing Assets/Scenes/Menu.unity using Guid(d67c1090cea56b84e8f9ccb3e81f6393) Importer(815301076,1909f56bfc062723c751e8b465ee728b)  -> (artifact id: '039b08b57f1ac1089bcc43d1becc6053') in 0.038330 seconds 
========================================================================
Received Prepare
Registering precompiled user dll's ...
Registered in 0.004722 seconds.
Begin MonoManager ReloadAssembly
Native extension for WindowsStandalone target not found
Refreshing native plugins compatible for Editor in 0.97 ms, found 2 plugins.
Preloading 0 native plugins for Editor in 0.00 ms.
Mono: successfully reloaded assembly
- Completed reload, in  1.356 seconds
Platform modules already initialized, skipping
Refreshing native plugins compatible for Editor in 0.93 ms, found 2 plugins.
Preloading 0 native plugins for Editor in 0.00 ms.
Unloading 3521 Unused Serialized files (Serialized files now loaded: 0)
System memory in use before: 138.1 MB.
System memory in use after: 138.3 MB.

Unloading 17 unused Assets to reduce memory usage. Loaded Objects now: 4146.
Total: 2.429000 ms (FindLiveObjects: 0.301600 ms CreateObjectMapping: 0.156400 ms MarkObjects: 1.878300 ms  DeleteObjects: 0.091600 ms)

========================================================================
Received Import Request.
  Time since last request: 97.545995 seconds.
  path: Assets/Scenes/Woodlands.unity
  artifactKey: Guid(3b3b4acd018625b4baa4627ec1d763ff) Importer(815301076,1909f56bfc062723c751e8b465ee728b)
Start importing Assets/Scenes/Woodlands.unity using Guid(3b3b4acd018625b4baa4627ec1d763ff) Importer(815301076,1909f56bfc062723c751e8b465ee728b)  -> (artifact id: '37e8e0cb48b67dc4ad4a4013234a01a6') in 0.050054 seconds 
========================================================================
Received Prepare
Registering precompiled user dll's ...
Registered in 0.004816 seconds.
Begin MonoManager ReloadAssembly
Native extension for WindowsStandalone target not found
Refreshing native plugins compatible for Editor in 1.25 ms, found 2 plugins.
Preloading 0 native plugins for Editor in 0.00 ms.
Mono: successfully reloaded assembly
- Completed reload, in  1.945 seconds
Platform modules already initialized, skipping
Refreshing native plugins compatible for Editor in 1.16 ms, found 2 plugins.
Preloading 0 native plugins for Editor in 0.00 ms.
Unloading 3521 Unused Serialized files (Serialized files now loaded: 0)
System memory in use before: 138.2 MB.
System memory in use after: 138.3 MB.

Unloading 17 unused Assets to reduce memory usage. Loaded Objects now: 4150.
Total: 3.277500 ms (FindLiveObjects: 0.327800 ms CreateObjectMapping: 0.171100 ms MarkObjects: 2.666700 ms  DeleteObjects: 0.110700 ms)

========================================================================
Received Import Request.
  Time since last request: 107.063112 seconds.
  path: Assets/Scripts/Pause.cs
  artifactKey: Guid(68e3d4327ab6f4243a1e826ef88ff405) Importer(815301076,1909f56bfc062723c751e8b465ee728b)
Start importing Assets/Scripts/Pause.cs using Guid(68e3d4327ab6f4243a1e826ef88ff405) Importer(815301076,1909f56bfc062723c751e8b465ee728b)  -> (artifact id: '1c621d77eeb4abf199c796d650e3b268') in 0.008464 seconds 
========================================================================
Received Prepare
Registering precompiled user dll's ...
Registered in 0.008120 seconds.
Begin MonoManager ReloadAssembly
Native extension for WindowsStandalone target not found
Refreshing native plugins compatible for Editor in 0.80 ms, found 2 plugins.
Preloading 0 native plugins for Editor in 0.00 ms.
Mono: successfully reloaded assembly
- Completed reload, in  1.679 seconds
Platform modules already initialized, skipping
Refreshing native plugins compatible for Editor in 1.92 ms, found 2 plugins.
Preloading 0 native plugins for Editor in 0.00 ms.
Unloading 3521 Unused Serialized files (Serialized files now loaded: 0)
System memory in use before: 138.2 MB.
System memory in use after: 138.3 MB.

Unloading 17 unused Assets to reduce memory usage. Loaded Objects now: 4154.
Total: 4.010600 ms (FindLiveObjects: 0.490500 ms CreateObjectMapping: 0.278700 ms MarkObjects: 3.122200 ms  DeleteObjects: 0.116800 ms)

========================================================================
Received Import Request.
  Time since last request: 54.344858 seconds.
  path: Assets/Scripts/Pause.cs
  artifactKey: Guid(68e3d4327ab6f4243a1e826ef88ff405) Importer(815301076,1909f56bfc062723c751e8b465ee728b)
Start importing Assets/Scripts/Pause.cs using Guid(68e3d4327ab6f4243a1e826ef88ff405) Importer(815301076,1909f56bfc062723c751e8b465ee728b)  -> (artifact id: '50902c22e6c8ad7f70872f8a8d5f4dcc') in 0.009371 seconds 
========================================================================
Received Prepare
Registering precompiled user dll's ...
Registered in 0.004307 seconds.
Begin MonoManager ReloadAssembly
Native extension for WindowsStandalone target not found
Refreshing native plugins compatible for Editor in 1.46 ms, found 2 plugins.
Preloading 0 native plugins for Editor in 0.00 ms.
Mono: successfully reloaded assembly
- Completed reload, in  1.354 seconds
Platform modules already initialized, skipping
Refreshing native plugins compatible for Editor in 0.94 ms, found 2 plugins.
Preloading 0 native plugins for Editor in 0.00 ms.
Unloading 3521 Unused Serialized files (Serialized files now loaded: 0)
System memory in use before: 138.2 MB.
System memory in use after: 138.3 MB.

Unloading 17 unused Assets to reduce memory usage. Loaded Objects now: 4158.
Total: 3.248100 ms (FindLiveObjects: 0.526800 ms CreateObjectMapping: 0.200700 ms MarkObjects: 2.358500 ms  DeleteObjects: 0.160000 ms)

========================================================================
Received Import Request.
  Time since last request: 61.233128 seconds.
  path: Assets/Scripts/MainMenu.cs
  artifactKey: Guid(42cb64ee927da664b96ecd185dc59952) Importer(815301076,1909f56bfc062723c751e8b465ee728b)
Start importing Assets/Scripts/MainMenu.cs using Guid(42cb64ee927da664b96ecd185dc59952) Importer(815301076,1909f56bfc062723c751e8b465ee728b)  -> (artifact id: '3b2ef3034c71035594aec5e10c1c4c87') in 0.011488 seconds 
========================================================================
Received Prepare
Registering precompiled user dll's ...
Registered in 0.034032 seconds.
Begin MonoManager ReloadAssembly
Native extension for WindowsStandalone target not found
Refreshing native plugins compatible for Editor in 2.20 ms, found 2 plugins.
Preloading 0 native plugins for Editor in 0.00 ms.
Mono: successfully reloaded assembly
- Completed reload, in  2.875 seconds
Platform modules already initialized, skipping
Refreshing native plugins compatible for Editor in 1.58 ms, found 2 plugins.
Preloading 0 native plugins for Editor in 0.00 ms.
Unloading 3521 Unused Serialized files (Serialized files now loaded: 0)
System memory in use before: 138.2 MB.
System memory in use after: 138.3 MB.

Unloading 17 unused Assets to reduce memory usage. Loaded Objects now: 4162.
Total: 11.066000 ms (FindLiveObjects: 2.698200 ms CreateObjectMapping: 1.404500 ms MarkObjects: 6.505100 ms  DeleteObjects: 0.454700 ms)

========================================================================
Received Import Request.
  Time since last request: 8171.039284 seconds.
  path: Assets/Scenes/Woodlands.unity
  artifactKey: Guid(3b3b4acd018625b4baa4627ec1d763ff) Importer(815301076,1909f56bfc062723c751e8b465ee728b)
Start importing Assets/Scenes/Woodlands.unity using Guid(3b3b4acd018625b4baa4627ec1d763ff) Importer(815301076,1909f56bfc062723c751e8b465ee728b)  -> (artifact id: '87d572cd6eac9aa56d19eaa475a27a37') in 0.489931 seconds 
========================================================================
Received Prepare
Registering precompiled user dll's ...
Registered in 0.010236 seconds.
Begin MonoManager ReloadAssembly
Native extension for WindowsStandalone target not found
Refreshing native plugins compatible for Editor in 1.83 ms, found 2 plugins.
Preloading 0 native plugins for Editor in 0.00 ms.
Mono: successfully reloaded assembly
- Completed reload, in  3.812 seconds
Platform modules already initialized, skipping
Refreshing native plugins compatible for Editor in 1.84 ms, found 2 plugins.
Preloading 0 native plugins for Editor in 0.00 ms.
Unloading 3521 Unused Serialized files (Serialized files now loaded: 0)
System memory in use before: 138.2 MB.
System memory in use after: 138.3 MB.

Unloading 17 unused Assets to reduce memory usage. Loaded Objects now: 4166.
Total: 7.114100 ms (FindLiveObjects: 0.666500 ms CreateObjectMapping: 0.568800 ms MarkObjects: 5.552800 ms  DeleteObjects: 0.317900 ms)

========================================================================
Received Prepare
Registering precompiled user dll's ...
Registered in 0.006330 seconds.
Begin MonoManager ReloadAssembly
Native extension for WindowsStandalone target not found
Refreshing native plugins compatible for Editor in 0.83 ms, found 2 plugins.
Preloading 0 native plugins for Editor in 0.00 ms.
Mono: successfully reloaded assembly
- Completed reload, in  1.609 seconds
Platform modules already initialized, skipping
Refreshing native plugins compatible for Editor in 1.00 ms, found 2 plugins.
Preloading 0 native plugins for Editor in 0.00 ms.
Unloading 3521 Unused Serialized files (Serialized files now loaded: 0)
System memory in use before: 138.2 MB.
System memory in use after: 138.3 MB.

Unloading 17 unused Assets to reduce memory usage. Loaded Objects now: 4170.
Total: 4.109600 ms (FindLiveObjects: 0.534900 ms CreateObjectMapping: 0.226000 ms MarkObjects: 3.202900 ms  DeleteObjects: 0.144100 ms)

========================================================================
Received Import Request.
  Time since last request: 2615.353387 seconds.
  path: Assets/animationFade.anim
  artifactKey: Guid(c2f022e9e04570943bf55a994d709b55) Importer(815301076,1909f56bfc062723c751e8b465ee728b)
Start importing Assets/animationFade.anim using Guid(c2f022e9e04570943bf55a994d709b55) Importer(815301076,1909f56bfc062723c751e8b465ee728b)  -> (artifact id: 'c7dd74e568ac0267f7304ead1a2f7926') in 0.202595 seconds 
========================================================================
Received Import Request.
  Time since last request: 75.321736 seconds.
  path: Assets/crossFadeAnim.anim
  artifactKey: Guid(c2f022e9e04570943bf55a994d709b55) Importer(815301076,1909f56bfc062723c751e8b465ee728b)
Start importing Assets/crossFadeAnim.anim using Guid(c2f022e9e04570943bf55a994d709b55) Importer(815301076,1909f56bfc062723c751e8b465ee728b)  -> (artifact id: '115e5d4872e1091fcb466289f337c9b2') in 0.006520 seconds 
========================================================================
Received Import Request.
  Time since last request: 9.604496 seconds.
  path: Assets/crossFade_end.anim
  artifactKey: Guid(c2f022e9e04570943bf55a994d709b55) Importer(815301076,1909f56bfc062723c751e8b465ee728b)
Start importing Assets/crossFade_end.anim using Guid(c2f022e9e04570943bf55a994d709b55) Importer(815301076,1909f56bfc062723c751e8b465ee728b)  -> (artifact id: '56a851303d4d4748d6364d673b4cf049') in 0.011054 seconds 
========================================================================
Received Import Request.
  Time since last request: 110.416307 seconds.
  path: Assets/CrossFade.controller
  artifactKey: Guid(60d4660916c299044a6954c7aef1a093) Importer(815301076,1909f56bfc062723c751e8b465ee728b)
Start importing Assets/CrossFade.controller using Guid(60d4660916c299044a6954c7aef1a093) Importer(815301076,1909f56bfc062723c751e8b465ee728b)  -> (artifact id: 'f32830e5caea6688863ba523b8c68d52') in 0.009611 seconds 
========================================================================
Received Import Request.
  Time since last request: 236.708933 seconds.
  path: Assets/AnimacionFade/CrossFade.controller
  artifactKey: Guid(df49473f77b773c4eb6b0b757073f81c) Importer(815301076,1909f56bfc062723c751e8b465ee728b)
Start importing Assets/AnimacionFade/CrossFade.controller using Guid(df49473f77b773c4eb6b0b757073f81c) Importer(815301076,1909f56bfc062723c751e8b465ee728b)  -> (artifact id: 'c1a6288716c5d79a72e87c344241e35c') in 0.005301 seconds 
========================================================================
Received Import Request.
  Time since last request: 4.192723 seconds.
  path: Assets/AnimacionFade/crossFade_End.anim
  artifactKey: Guid(0846c33957c229f41bf30af0b26ecfe6) Importer(815301076,1909f56bfc062723c751e8b465ee728b)
Start importing Assets/AnimacionFade/crossFade_End.anim using Guid(0846c33957c229f41bf30af0b26ecfe6) Importer(815301076,1909f56bfc062723c751e8b465ee728b)  -> (artifact id: '383ddb5f182ad40fa045209a369d4bb3') in 0.014750 seconds 
========================================================================
Received Import Request.
  Time since last request: 103.569822 seconds.
  path: Assets/AnimacionFade/crossFade_End.Anim
  artifactKey: Guid(0846c33957c229f41bf30af0b26ecfe6) Importer(815301076,1909f56bfc062723c751e8b465ee728b)
Start importing Assets/AnimacionFade/crossFade_End.Anim using Guid(0846c33957c229f41bf30af0b26ecfe6) Importer(815301076,1909f56bfc062723c751e8b465ee728b)  -> (artifact id: 'd0a4cd82c0fac3c44107c068892d38a1') in 0.008378 seconds 
========================================================================
Received Import Request.
  Time since last request: 17.103408 seconds.
  path: Assets/AnimacionFade
  artifactKey: Guid(5b8b12e4c610c1e4aa0cacaefef89c2b) Importer(815301076,1909f56bfc062723c751e8b465ee728b)
Start importing Assets/AnimacionFade using Guid(5b8b12e4c610c1e4aa0cacaefef89c2b) Importer(815301076,1909f56bfc062723c751e8b465ee728b)  -> (artifact id: '51179a3a0dc3d0bafba9256fdc4388a2') in 0.004840 seconds 
========================================================================
Received Import Request.
  Time since last request: 42.880447 seconds.
  path: Assets/FadeAnim
  artifactKey: Guid(cbcf7f68abbfb3a4b8228ecca1493b23) Importer(815301076,1909f56bfc062723c751e8b465ee728b)
Start importing Assets/FadeAnim using Guid(cbcf7f68abbfb3a4b8228ecca1493b23) Importer(815301076,1909f56bfc062723c751e8b465ee728b)  -> (artifact id: 'a9c950d59ab2c525eef4803dc7f1b2c5') in 0.005010 seconds 
========================================================================
Received Import Request.
  Time since last request: 387.268034 seconds.
  path: Assets/FadeAnim/crossFadeEnd.anim
  artifactKey: Guid(71b7dfe692d885641859ed9be160e02d) Importer(815301076,1909f56bfc062723c751e8b465ee728b)
Start importing Assets/FadeAnim/crossFadeEnd.anim using Guid(71b7dfe692d885641859ed9be160e02d) Importer(815301076,1909f56bfc062723c751e8b465ee728b)  -> (artifact id: '0c1584f887473eda5be65332196833bc') in 0.006526 seconds 
========================================================================
Received Import Request.
  Time since last request: 2.537212 seconds.
  path: Assets/FadeAnim/crossFadeStart.anim
  artifactKey: Guid(8ea76919cad137b4ca8d7f197c212e39) Importer(815301076,1909f56bfc062723c751e8b465ee728b)
Start importing Assets/FadeAnim/crossFadeStart.anim using Guid(8ea76919cad137b4ca8d7f197c212e39) Importer(815301076,1909f56bfc062723c751e8b465ee728b)  -> (artifact id: '801ccdeb67e798167eef3dcd8f32d0d0') in 0.004505 seconds 
========================================================================
Received Import Request.
  Time since last request: 39.432472 seconds.
  path: Assets/FadeAnim/CrossFade.controller
  artifactKey: Guid(ba569a7fe3f368c499d5b98ec1fc5c25) Importer(815301076,1909f56bfc062723c751e8b465ee728b)
Start importing Assets/FadeAnim/CrossFade.controller using Guid(ba569a7fe3f368c499d5b98ec1fc5c25) Importer(815301076,1909f56bfc062723c751e8b465ee728b)  -> (artifact id: '93a3fcb5320afab89237dcc60d632644') in 0.005425 seconds 
========================================================================
Received Prepare
Registering precompiled user dll's ...
Registered in 0.005511 seconds.
Begin MonoManager ReloadAssembly
Native extension for WindowsStandalone target not found
Refreshing native plugins compatible for Editor in 0.98 ms, found 2 plugins.
Preloading 0 native plugins for Editor in 0.00 ms.
Mono: successfully reloaded assembly
- Completed reload, in  1.943 seconds
Platform modules already initialized, skipping
Refreshing native plugins compatible for Editor in 0.71 ms, found 2 plugins.
Preloading 0 native plugins for Editor in 0.00 ms.
Unloading 3521 Unused Serialized files (Serialized files now loaded: 0)
System memory in use before: 138.7 MB.
System memory in use after: 138.9 MB.

Unloading 17 unused Assets to reduce memory usage. Loaded Objects now: 4174.
Total: 5.105200 ms (FindLiveObjects: 0.481900 ms CreateObjectMapping: 0.230600 ms MarkObjects: 4.013400 ms  DeleteObjects: 0.376700 ms)

========================================================================
Received Import Request.
  Time since last request: 1200.275294 seconds.
  path: Assets/Scripts/MainMenu.cs
  artifactKey: Guid(42cb64ee927da664b96ecd185dc59952) Importer(815301076,1909f56bfc062723c751e8b465ee728b)
Start importing Assets/Scripts/MainMenu.cs using Guid(42cb64ee927da664b96ecd185dc59952) Importer(815301076,1909f56bfc062723c751e8b465ee728b)  -> (artifact id: 'bc7510fc406b1020e905173a21c689d0') in 0.008892 seconds 
========================================================================
Received Import Request.
  Time since last request: 14.143738 seconds.
  path: Assets/Scenes/Menu.unity
  artifactKey: Guid(d67c1090cea56b84e8f9ccb3e81f6393) Importer(815301076,1909f56bfc062723c751e8b465ee728b)
Start importing Assets/Scenes/Menu.unity using Guid(d67c1090cea56b84e8f9ccb3e81f6393) Importer(815301076,1909f56bfc062723c751e8b465ee728b)  -> (artifact id: '44ab5a580976f883125c9462adf9cf4f') in 0.018114 seconds 
========================================================================
Received Prepare
Registering precompiled user dll's ...
Registered in 0.004372 seconds.
Begin MonoManager ReloadAssembly
Native extension for WindowsStandalone target not found
Refreshing native plugins compatible for Editor in 0.73 ms, found 2 plugins.
Preloading 0 native plugins for Editor in 0.00 ms.
Mono: successfully reloaded assembly
- Completed reload, in  1.354 seconds
Platform modules already initialized, skipping
Refreshing native plugins compatible for Editor in 0.90 ms, found 2 plugins.
Preloading 0 native plugins for Editor in 0.00 ms.
Unloading 3521 Unused Serialized files (Serialized files now loaded: 0)
System memory in use before: 138.8 MB.
System memory in use after: 138.9 MB.

Unloading 17 unused Assets to reduce memory usage. Loaded Objects now: 4178.
Total: 4.208400 ms (FindLiveObjects: 0.549300 ms CreateObjectMapping: 0.199500 ms MarkObjects: 3.188600 ms  DeleteObjects: 0.268900 ms)

========================================================================
Received Prepare
Registering precompiled user dll's ...
Registered in 0.004296 seconds.
Begin MonoManager ReloadAssembly
Native extension for WindowsStandalone target not found
Refreshing native plugins compatible for Editor in 0.96 ms, found 2 plugins.
Preloading 0 native plugins for Editor in 0.00 ms.
Mono: successfully reloaded assembly
- Completed reload, in  1.269 seconds
Platform modules already initialized, skipping
Refreshing native plugins compatible for Editor in 1.31 ms, found 2 plugins.
Preloading 0 native plugins for Editor in 0.00 ms.
Unloading 3521 Unused Serialized files (Serialized files now loaded: 0)
System memory in use before: 138.8 MB.
System memory in use after: 138.9 MB.

Unloading 17 unused Assets to reduce memory usage. Loaded Objects now: 4182.
Total: 2.792600 ms (FindLiveObjects: 0.400700 ms CreateObjectMapping: 0.174400 ms MarkObjects: 2.105500 ms  DeleteObjects: 0.110400 ms)

========================================================================
Received Prepare
Registering precompiled user dll's ...
Registered in 0.005916 seconds.
Begin MonoManager ReloadAssembly
Native extension for WindowsStandalone target not found
Refreshing native plugins compatible for Editor in 0.69 ms, found 2 plugins.
Preloading 0 native plugins for Editor in 0.00 ms.
Mono: successfully reloaded assembly
- Completed reload, in  1.458 seconds
Platform modules already initialized, skipping
Refreshing native plugins compatible for Editor in 0.81 ms, found 2 plugins.
Preloading 0 native plugins for Editor in 0.00 ms.
Unloading 3521 Unused Serialized files (Serialized files now loaded: 0)
System memory in use before: 138.8 MB.
System memory in use after: 138.9 MB.

Unloading 17 unused Assets to reduce memory usage. Loaded Objects now: 4186.
Total: 2.656200 ms (FindLiveObjects: 0.415600 ms CreateObjectMapping: 0.137900 ms MarkObjects: 1.943200 ms  DeleteObjects: 0.158200 ms)

========================================================================
Received Prepare
Registering precompiled user dll's ...
Registered in 0.004686 seconds.
Begin MonoManager ReloadAssembly
Native extension for WindowsStandalone target not found
Refreshing native plugins compatible for Editor in 1.17 ms, found 2 plugins.
Preloading 0 native plugins for Editor in 0.00 ms.
Mono: successfully reloaded assembly
- Completed reload, in  1.354 seconds
Platform modules already initialized, skipping
Refreshing native plugins compatible for Editor in 0.99 ms, found 2 plugins.
Preloading 0 native plugins for Editor in 0.00 ms.
Unloading 3521 Unused Serialized files (Serialized files now loaded: 0)
System memory in use before: 138.8 MB.
System memory in use after: 138.9 MB.

Unloading 17 unused Assets to reduce memory usage. Loaded Objects now: 4190.
Total: 4.751300 ms (FindLiveObjects: 0.454000 ms CreateObjectMapping: 0.258900 ms MarkObjects: 3.812100 ms  DeleteObjects: 0.224000 ms)

========================================================================
Received Prepare
Registering precompiled user dll's ...
Registered in 0.004309 seconds.
Begin MonoManager ReloadAssembly
Native extension for WindowsStandalone target not found
Refreshing native plugins compatible for Editor in 1.52 ms, found 2 plugins.
Preloading 0 native plugins for Editor in 0.00 ms.
Mono: successfully reloaded assembly
- Completed reload, in  1.667 seconds
Platform modules already initialized, skipping
Refreshing native plugins compatible for Editor in 0.69 ms, found 2 plugins.
Preloading 0 native plugins for Editor in 0.00 ms.
Unloading 3521 Unused Serialized files (Serialized files now loaded: 0)
System memory in use before: 138.8 MB.
System memory in use after: 138.9 MB.

Unloading 17 unused Assets to reduce memory usage. Loaded Objects now: 4194.
Total: 5.324000 ms (FindLiveObjects: 0.673600 ms CreateObjectMapping: 0.310300 ms MarkObjects: 4.126000 ms  DeleteObjects: 0.211500 ms)

========================================================================
Received Import Request.
  Time since last request: 464.406980 seconds.
  path: Assets/Scenes/Menu.unity
  artifactKey: Guid(d67c1090cea56b84e8f9ccb3e81f6393) Importer(815301076,1909f56bfc062723c751e8b465ee728b)
Start importing Assets/Scenes/Menu.unity using Guid(d67c1090cea56b84e8f9ccb3e81f6393) Importer(815301076,1909f56bfc062723c751e8b465ee728b)  -> (artifact id: '082bdfe01a3699d5543671dc2b28e154') in 0.027046 seconds 
========================================================================
Received Prepare
Registering precompiled user dll's ...
Registered in 0.008995 seconds.
Begin MonoManager ReloadAssembly
Native extension for WindowsStandalone target not found
Refreshing native plugins compatible for Editor in 0.93 ms, found 2 plugins.
Preloading 0 native plugins for Editor in 0.00 ms.
Mono: successfully reloaded assembly
- Completed reload, in  1.730 seconds
Platform modules already initialized, skipping
Refreshing native plugins compatible for Editor in 1.51 ms, found 2 plugins.
Preloading 0 native plugins for Editor in 0.00 ms.
Unloading 3521 Unused Serialized files (Serialized files now loaded: 0)
System memory in use before: 138.8 MB.
System memory in use after: 139.0 MB.

Unloading 17 unused Assets to reduce memory usage. Loaded Objects now: 4198.
Total: 3.888800 ms (FindLiveObjects: 0.351100 ms CreateObjectMapping: 0.151900 ms MarkObjects: 3.262200 ms  DeleteObjects: 0.121800 ms)

========================================================================
Received Prepare
Registering precompiled user dll's ...
Registered in 0.020960 seconds.
Begin MonoManager ReloadAssembly
Native extension for WindowsStandalone target not found
Refreshing native plugins compatible for Editor in 0.86 ms, found 2 plugins.
Preloading 0 native plugins for Editor in 0.00 ms.
Mono: successfully reloaded assembly
- Completed reload, in  1.477 seconds
Platform modules already initialized, skipping
Refreshing native plugins compatible for Editor in 0.83 ms, found 2 plugins.
Preloading 0 native plugins for Editor in 0.00 ms.
Unloading 3521 Unused Serialized files (Serialized files now loaded: 0)
System memory in use before: 138.8 MB.
System memory in use after: 139.0 MB.

Unloading 17 unused Assets to reduce memory usage. Loaded Objects now: 4202.
Total: 3.179700 ms (FindLiveObjects: 0.517600 ms CreateObjectMapping: 0.181900 ms MarkObjects: 2.378200 ms  DeleteObjects: 0.098100 ms)

========================================================================
Received Prepare
Registering precompiled user dll's ...
Registered in 0.004516 seconds.
Begin MonoManager ReloadAssembly
Native extension for WindowsStandalone target not found
Refreshing native plugins compatible for Editor in 1.05 ms, found 2 plugins.
Preloading 0 native plugins for Editor in 0.00 ms.
Mono: successfully reloaded assembly
- Completed reload, in  1.651 seconds
Platform modules already initialized, skipping
Refreshing native plugins compatible for Editor in 1.19 ms, found 2 plugins.
Preloading 0 native plugins for Editor in 0.00 ms.
Unloading 3521 Unused Serialized files (Serialized files now loaded: 0)
System memory in use before: 138.8 MB.
System memory in use after: 139.0 MB.

Unloading 17 unused Assets to reduce memory usage. Loaded Objects now: 4206.
Total: 7.888100 ms (FindLiveObjects: 0.459400 ms CreateObjectMapping: 1.202600 ms MarkObjects: 6.096100 ms  DeleteObjects: 0.127800 ms)

========================================================================
Received Prepare
Registering precompiled user dll's ...
Registered in 0.007402 seconds.
Begin MonoManager ReloadAssembly
Native extension for WindowsStandalone target not found
Refreshing native plugins compatible for Editor in 1.11 ms, found 2 plugins.
Preloading 0 native plugins for Editor in 0.00 ms.
Mono: successfully reloaded assembly
- Completed reload, in  1.504 seconds
Platform modules already initialized, skipping
Refreshing native plugins compatible for Editor in 0.93 ms, found 2 plugins.
Preloading 0 native plugins for Editor in 0.00 ms.
Unloading 3521 Unused Serialized files (Serialized files now loaded: 0)
System memory in use before: 138.9 MB.
System memory in use after: 139.0 MB.

Unloading 17 unused Assets to reduce memory usage. Loaded Objects now: 4210.
Total: 4.578300 ms (FindLiveObjects: 0.661200 ms CreateObjectMapping: 0.279300 ms MarkObjects: 3.451200 ms  DeleteObjects: 0.184700 ms)

AssetImportWorkerClient::OnTransportError - code=2 error=End of file
