Using pre-set license
Built from '2021.1/staging' branch; Version is '2021.1.2f1 (e5d502d80fbb) revision 15062274'; Using compiler version '192528614'; Build Type 'Release'
OS: 'Windows 10 Home Single Language; OS build 19042.1083; Version 2009; 64bit' Language: 'es' Physical Memory: 20348 MB
BatchMode: 1, IsHumanControllingUs: 0, StartBugReporterOnCrash: 0, Is64bit: 1, IsPro: 0

 COMMAND LINE ARGUMENTS:
C:\Program Files\Unity\Hub\Editor\2021.1.2f1\Editor\Unity.exe
-adb2
-batchMode
-noUpm
-name
AssetImportWorker1
-projectPath
C:/universidad/PVG/AnotherFile/WoodWalker CrackJack
-logFile
Logs/AssetImportWorker1.log
-srvPort
62442
Successfully changed project path to: C:/universidad/PVG/AnotherFile/WoodWalker CrackJack
C:/universidad/PVG/AnotherFile/WoodWalker CrackJack
Using Asset Import Pipeline V2.
Refreshing native plugins compatible for Editor in 199.49 ms, found 2 plugins.
Preloading 0 native plugins for Editor in 0.00 ms.
Initialize engine version: 2021.1.2f1 (e5d502d80fbb)
[Subsystems] Discovering subsystems at path C:/Program Files/Unity/Hub/Editor/2021.1.2f1/Editor/Data/Resources/UnitySubsystems
[Subsystems] Discovering subsystems at path C:/universidad/PVG/AnotherFile/WoodWalker CrackJack/Assets
GfxDevice: creating device client; threaded=0; jobified=0
Direct3D:
    Version:  Direct3D 11.0 [level 11.0]
    Renderer: NVIDIA GeForce 940MX (ID=0x134d)
    Vendor:   NVIDIA
    VRAM:     2010 MB
    Driver:   27.21.14.6192
Initialize mono
Mono path[0] = 'C:/Program Files/Unity/Hub/Editor/2021.1.2f1/Editor/Data/Managed'
Mono path[1] = 'C:/Program Files/Unity/Hub/Editor/2021.1.2f1/Editor/Data/MonoBleedingEdge/lib/mono/unityjit'
Mono config path = 'C:/Program Files/Unity/Hub/Editor/2021.1.2f1/Editor/Data/MonoBleedingEdge/etc'
Using monoOptions --debugger-agent=transport=dt_socket,embedding=1,server=y,suspend=n,address=127.0.0.1:56040
Begin MonoManager ReloadAssembly
Registering precompiled unity dll's ...
Register platform support module: C:/Program Files/Unity/Hub/Editor/2021.1.2f1/Editor/Data/PlaybackEngines/WindowsStandaloneSupport/UnityEditor.WindowsStandalone.Extensions.dll
Registered in 0.004983 seconds.
Native extension for WindowsStandalone target not found
Refreshing native plugins compatible for Editor in 168.06 ms, found 2 plugins.
Preloading 0 native plugins for Editor in 0.00 ms.
Mono: successfully reloaded assembly
- Completed reload, in  2.305 seconds
Platform modules already initialized, skipping
Registering precompiled user dll's ...
Registered in 0.006874 seconds.
Begin MonoManager ReloadAssembly
Native extension for WindowsStandalone target not found
Refreshing native plugins compatible for Editor in 172.97 ms, found 2 plugins.
Preloading 0 native plugins for Editor in 0.00 ms.
Mono: successfully reloaded assembly
- Completed reload, in  2.969 seconds
Platform modules already initialized, skipping
========================================================================
Worker process is ready to serve import requests
Launched and connected shader compiler UnityShaderCompiler.exe after 0.23 seconds
Refreshing native plugins compatible for Editor in 1.96 ms, found 2 plugins.
Preloading 0 native plugins for Editor in 0.00 ms.
Unloading 3369 Unused Serialized files (Serialized files now loaded: 0)
System memory in use before: 128.3 MB.
System memory in use after: 128.4 MB.

Unloading 28 unused Assets to reduce memory usage. Loaded Objects now: 3823.
Total: 5.660800 ms (FindLiveObjects: 0.586300 ms CreateObjectMapping: 0.915000 ms MarkObjects: 4.034200 ms  DeleteObjects: 0.123900 ms)

========================================================================
Received Import Request.
  path: Assets/2D Platformer Tileset/Sprites/Animations/Spider Den/break_6.png
  artifactKey: Guid(342739191776e4440af8d9089908e04a) Importer(815301076,1909f56bfc062723c751e8b465ee728b)
Start importing Assets/2D Platformer Tileset/Sprites/Animations/Spider Den/break_6.png using Guid(342739191776e4440af8d9089908e04a) Importer(815301076,1909f56bfc062723c751e8b465ee728b)  -> (artifact id: '3ad18755f883f745e38991188feee65c') in 0.401544 seconds 
========================================================================
Received Import Request.
  Time since last request: 0.000763 seconds.
  path: Assets/2D Platformer Tileset/Sprites/Animations/Torch/torch_0.png
  artifactKey: Guid(3977b89df1989b74c8bbf3a3d78608c9) Importer(815301076,1909f56bfc062723c751e8b465ee728b)
Start importing Assets/2D Platformer Tileset/Sprites/Animations/Torch/torch_0.png using Guid(3977b89df1989b74c8bbf3a3d78608c9) Importer(815301076,1909f56bfc062723c751e8b465ee728b)  -> (artifact id: 'c093506cf7c5315b7d19c217302f3091') in 0.061171 seconds 
========================================================================
Received Import Request.
  Time since last request: 0.000343 seconds.
  path: Assets/2D Platformer Tileset/Sprites/Animations/Spider Den/break_0.png
  artifactKey: Guid(94ffa196720109842b630ca66dc81450) Importer(815301076,1909f56bfc062723c751e8b465ee728b)
Start importing Assets/2D Platformer Tileset/Sprites/Animations/Spider Den/break_0.png using Guid(94ffa196720109842b630ca66dc81450) Importer(815301076,1909f56bfc062723c751e8b465ee728b)  -> (artifact id: '0b646a6e14aeb959467b339dce39c42a') in 0.038979 seconds 
========================================================================
Received Import Request.
  Time since last request: 0.000290 seconds.
  path: Assets/2D Platformer Tileset/Sprites/Enemy/Bat/attack/attack_0.png
  artifactKey: Guid(e9ad679977213c84fbd8fb1709dd006c) Importer(815301076,1909f56bfc062723c751e8b465ee728b)
Start importing Assets/2D Platformer Tileset/Sprites/Enemy/Bat/attack/attack_0.png using Guid(e9ad679977213c84fbd8fb1709dd006c) Importer(815301076,1909f56bfc062723c751e8b465ee728b)  -> (artifact id: '3ffeabdf9b7c376f4d4f8dc06094783f') in 0.041869 seconds 
========================================================================
Received Import Request.
  Time since last request: 0.000535 seconds.
  path: Assets/2D Platformer Tileset/Sprites/Animations/Spider Den/break_2.png
  artifactKey: Guid(516a5af90d940594894e17cd27b25e84) Importer(815301076,1909f56bfc062723c751e8b465ee728b)
Start importing Assets/2D Platformer Tileset/Sprites/Animations/Spider Den/break_2.png using Guid(516a5af90d940594894e17cd27b25e84) Importer(815301076,1909f56bfc062723c751e8b465ee728b)  -> (artifact id: 'c1284c0c462d0b1a303d65b91e8c2bc8') in 0.039522 seconds 
========================================================================
Received Import Request.
  Time since last request: 0.000315 seconds.
  path: Assets/Enemies
  artifactKey: Guid(1ba8c5f0935566a43987d827a2555878) Importer(815301076,1909f56bfc062723c751e8b465ee728b)
Start importing Assets/Enemies using Guid(1ba8c5f0935566a43987d827a2555878) Importer(815301076,1909f56bfc062723c751e8b465ee728b)  -> (artifact id: '0b7869a01e03dbba7df255ed8d9a1fd8') in 0.023599 seconds 
========================================================================
Received Import Request.
  Time since last request: 46.124864 seconds.
  path: Assets/2D Platformer Tileset/Sprites/Enemy/Bat/fly
  artifactKey: Guid(812241bf4a6ac0848927f3a354afe78c) Importer(815301076,1909f56bfc062723c751e8b465ee728b)
Start importing Assets/2D Platformer Tileset/Sprites/Enemy/Bat/fly using Guid(812241bf4a6ac0848927f3a354afe78c) Importer(815301076,1909f56bfc062723c751e8b465ee728b)  -> (artifact id: 'c8cc5ba34bdcb1db67b6ea466d6fa366') in 0.015526 seconds 
========================================================================
Received Import Request.
  Time since last request: 1.133442 seconds.
  path: Assets/2D Platformer Tileset/Sprites/Enemy/Bat/fly/fly_0.png
  artifactKey: Guid(4b2d427c04fd3c4419476eb041755751) Importer(815301076,1909f56bfc062723c751e8b465ee728b)
Start importing Assets/2D Platformer Tileset/Sprites/Enemy/Bat/fly/fly_0.png using Guid(4b2d427c04fd3c4419476eb041755751) Importer(815301076,1909f56bfc062723c751e8b465ee728b)  -> (artifact id: '70ca081cc829ee05014e7b34bb92e15d') in 0.082049 seconds 
========================================================================
Received Import Request.
  Time since last request: 0.893297 seconds.
  path: Assets/2D Platformer Tileset/Sprites/Enemy/Bat/attack
  artifactKey: Guid(51a63c745bf3a68428612be859f310ac) Importer(815301076,1909f56bfc062723c751e8b465ee728b)
Start importing Assets/2D Platformer Tileset/Sprites/Enemy/Bat/attack using Guid(51a63c745bf3a68428612be859f310ac) Importer(815301076,1909f56bfc062723c751e8b465ee728b)  -> (artifact id: '83229a5a805410ebcf97ec73db425b54') in 0.285777 seconds 
========================================================================
Received Import Request.
  Time since last request: 35.923915 seconds.
  path: ProjectSettings/TagManager.asset
  artifactKey: Guid(00000000000000003000000000000000) Importer(815301076,1909f56bfc062723c751e8b465ee728b)
Start importing ProjectSettings/TagManager.asset using Guid(00000000000000003000000000000000) Importer(815301076,1909f56bfc062723c751e8b465ee728b)  -> (artifact id: 'ba54b7f2534b6a01f387af2295686b63') in 0.055765 seconds 
========================================================================
Received Import Request.
  Time since last request: 30.370982 seconds.
  path: Assets/2D Platformer Tileset/Sprites/Enemy/Bee
  artifactKey: Guid(c35d22a527995de4a8cb0b6d42e490cc) Importer(815301076,1909f56bfc062723c751e8b465ee728b)
Start importing Assets/2D Platformer Tileset/Sprites/Enemy/Bee using Guid(c35d22a527995de4a8cb0b6d42e490cc) Importer(815301076,1909f56bfc062723c751e8b465ee728b)  -> (artifact id: '74e6bb5ee471c7cb655d9c997cece411') in 0.013385 seconds 
========================================================================
Received Import Request.
  Time since last request: 2.182498 seconds.
  path: Assets/2D Platformer Tileset/Sprites/Enemy/Skeleton
  artifactKey: Guid(4bf3326094647b945bad389466c4f1ff) Importer(815301076,1909f56bfc062723c751e8b465ee728b)
Start importing Assets/2D Platformer Tileset/Sprites/Enemy/Skeleton using Guid(4bf3326094647b945bad389466c4f1ff) Importer(815301076,1909f56bfc062723c751e8b465ee728b)  -> (artifact id: 'a6fa786d6b7b7b9f78492be3f868d20e') in 0.021195 seconds 
========================================================================
Received Import Request.
  Time since last request: 49.156593 seconds.
  path: Assets/Enemies/Bee/Sprites
  artifactKey: Guid(59da7699a9d5b6f4c91a9da9e5343307) Importer(815301076,1909f56bfc062723c751e8b465ee728b)
Start importing Assets/Enemies/Bee/Sprites using Guid(59da7699a9d5b6f4c91a9da9e5343307) Importer(815301076,1909f56bfc062723c751e8b465ee728b)  -> (artifact id: '51c6a636ad7a2239a6324769ed025690') in 0.517103 seconds 
========================================================================
Received Import Request.
  Time since last request: 0.520812 seconds.
  path: Assets/Enemies/Bee/attack
  artifactKey: Guid(fba6395accac3f547af01fe5a2aef672) Importer(815301076,1909f56bfc062723c751e8b465ee728b)
Start importing Assets/Enemies/Bee/attack using Guid(fba6395accac3f547af01fe5a2aef672) Importer(815301076,1909f56bfc062723c751e8b465ee728b)  -> (artifact id: 'da0f1cf6c81bea327281ddbfeb832d2a') in 0.012096 seconds 
========================================================================
Received Import Request.
  Time since last request: 1.142343 seconds.
  path: Assets/Enemies/Bee/die
  artifactKey: Guid(63f4826c06df28041bf1862daf10f66f) Importer(815301076,1909f56bfc062723c751e8b465ee728b)
Start importing Assets/Enemies/Bee/die using Guid(63f4826c06df28041bf1862daf10f66f) Importer(815301076,1909f56bfc062723c751e8b465ee728b)  -> (artifact id: '5299c81c5a81121f7669e7f0b176bbde') in 0.020029 seconds 
========================================================================
Received Import Request.
  Time since last request: 0.033325 seconds.
  path: Assets/Enemies/Bee/run
  artifactKey: Guid(54109d52952eed4498657bd1709f0c94) Importer(815301076,1909f56bfc062723c751e8b465ee728b)
Start importing Assets/Enemies/Bee/run using Guid(54109d52952eed4498657bd1709f0c94) Importer(815301076,1909f56bfc062723c751e8b465ee728b)  -> (artifact id: 'c5fd647327e94caf23a98448afd09bf2') in 0.028737 seconds 
========================================================================
Received Import Request.
  Time since last request: 27.438791 seconds.
  path: Assets/Enemies/Bee/BeeAnimController.controller
  artifactKey: Guid(a768f533361001340aba99b16e3d4d97) Importer(815301076,1909f56bfc062723c751e8b465ee728b)
Start importing Assets/Enemies/Bee/BeeAnimController.controller using Guid(a768f533361001340aba99b16e3d4d97) Importer(815301076,1909f56bfc062723c751e8b465ee728b)  -> (artifact id: 'd39bbb32aeabef07748e5bf1daa70efb') in 0.041958 seconds 
========================================================================
Received Import Request.
  Time since last request: 31.134173 seconds.
  path: Assets/Enemies/Bee/Idle.anim
  artifactKey: Guid(6b057ed763da1e942893499aa2313aec) Importer(815301076,1909f56bfc062723c751e8b465ee728b)
Start importing Assets/Enemies/Bee/Idle.anim using Guid(6b057ed763da1e942893499aa2313aec) Importer(815301076,1909f56bfc062723c751e8b465ee728b)  -> (artifact id: '857dd637d9b82f46bd200011bd8065a3') in 0.029573 seconds 
========================================================================
Received Import Request.
  Time since last request: 8.458252 seconds.
  path: Assets/Enemies/Bee/Attack.anim
  artifactKey: Guid(3b42ffa259f5c304abbc7a9580592f5c) Importer(815301076,1909f56bfc062723c751e8b465ee728b)
Start importing Assets/Enemies/Bee/Attack.anim using Guid(3b42ffa259f5c304abbc7a9580592f5c) Importer(815301076,1909f56bfc062723c751e8b465ee728b)  -> (artifact id: '77201998b4e87dd959f4090687bb4c6c') in 0.017203 seconds 
========================================================================
Received Import Request.
  Time since last request: 8.643321 seconds.
  path: Assets/Enemies/Bee/Die.anim
  artifactKey: Guid(4969b6f112726244387b2ad95bd869e8) Importer(815301076,1909f56bfc062723c751e8b465ee728b)
Start importing Assets/Enemies/Bee/Die.anim using Guid(4969b6f112726244387b2ad95bd869e8) Importer(815301076,1909f56bfc062723c751e8b465ee728b)  -> (artifact id: '3a64e597ff4041334875b4bc059e292e') in 0.016211 seconds 
========================================================================
Received Import Request.
  Time since last request: 15.810914 seconds.
  path: Assets/Enemies/Bee/Run.anim
  artifactKey: Guid(bee517c9578f7af4a8d45483a5723ec3) Importer(815301076,1909f56bfc062723c751e8b465ee728b)
Start importing Assets/Enemies/Bee/Run.anim using Guid(bee517c9578f7af4a8d45483a5723ec3) Importer(815301076,1909f56bfc062723c751e8b465ee728b)  -> (artifact id: '5a87a18ec4d200d5e62cfed2de212a74') in 0.011005 seconds 
========================================================================
Received Prepare
Registering precompiled user dll's ...
Registered in 0.005903 seconds.
Begin MonoManager ReloadAssembly
Native extension for WindowsStandalone target not found
Refreshing native plugins compatible for Editor in 0.86 ms, found 2 plugins.
Preloading 0 native plugins for Editor in 0.00 ms.
Mono: successfully reloaded assembly
- Completed reload, in  1.715 seconds
Platform modules already initialized, skipping
Refreshing native plugins compatible for Editor in 0.88 ms, found 2 plugins.
Preloading 0 native plugins for Editor in 0.00 ms.
Unloading 3369 Unused Serialized files (Serialized files now loaded: 0)
System memory in use before: 135.3 MB.
System memory in use after: 135.4 MB.

Unloading 17 unused Assets to reduce memory usage. Loaded Objects now: 3929.
Total: 3.296200 ms (FindLiveObjects: 0.410600 ms CreateObjectMapping: 0.279200 ms MarkObjects: 2.504100 ms  DeleteObjects: 0.100800 ms)

========================================================================
Received Import Request.
  Time since last request: 1106.141125 seconds.
  path: Assets/Enemies/Bat
  artifactKey: Guid(2ede3f5636939a841bd1e54064a02d8e) Importer(815301076,1909f56bfc062723c751e8b465ee728b)
Start importing Assets/Enemies/Bat using Guid(2ede3f5636939a841bd1e54064a02d8e) Importer(815301076,1909f56bfc062723c751e8b465ee728b)  -> (artifact id: 'ed4f8fdbf4b564c55d4e75a1883481cf') in 0.055371 seconds 
========================================================================
Received Import Request.
  Time since last request: 19.246675 seconds.
  path: Assets/Enemies/Voladores
  artifactKey: Guid(43a2d5ae5dd27e44394deeca9f37ad1d) Importer(815301076,1909f56bfc062723c751e8b465ee728b)
Start importing Assets/Enemies/Voladores using Guid(43a2d5ae5dd27e44394deeca9f37ad1d) Importer(815301076,1909f56bfc062723c751e8b465ee728b)  -> (artifact id: '58adceef1e421dede383733a91e6ab36') in 0.031560 seconds 
========================================================================
Received Import Request.
  Time since last request: 23.928086 seconds.
  path: Assets/Enemies/Voladores/VoladoresScript.cs
  artifactKey: Guid(fd94a0198a00235468ad86fce2ff28c2) Importer(815301076,1909f56bfc062723c751e8b465ee728b)
Start importing Assets/Enemies/Voladores/VoladoresScript.cs using Guid(fd94a0198a00235468ad86fce2ff28c2) Importer(815301076,1909f56bfc062723c751e8b465ee728b)  -> (artifact id: '68ca5e3ce18e3bc094a088cfbdcf6c51') in 0.180994 seconds 
========================================================================
Received Prepare
Registering precompiled user dll's ...
Registered in 0.006429 seconds.
Begin MonoManager ReloadAssembly
Native extension for WindowsStandalone target not found
Refreshing native plugins compatible for Editor in 2.13 ms, found 2 plugins.
Preloading 0 native plugins for Editor in 0.00 ms.
Mono: successfully reloaded assembly
- Completed reload, in  3.261 seconds
Platform modules already initialized, skipping
Refreshing native plugins compatible for Editor in 0.98 ms, found 2 plugins.
Preloading 0 native plugins for Editor in 0.00 ms.
Unloading 3364 Unused Serialized files (Serialized files now loaded: 0)
System memory in use before: 135.1 MB.
System memory in use after: 135.3 MB.

Unloading 16 unused Assets to reduce memory usage. Loaded Objects now: 3934.
Total: 4.467300 ms (FindLiveObjects: 0.454300 ms CreateObjectMapping: 0.405400 ms MarkObjects: 3.381200 ms  DeleteObjects: 0.224900 ms)

========================================================================
Received Import Request.
  Time since last request: 73.006429 seconds.
  path: Assets/Enemies/Voladores/Bee/Sprites/idle/idle_00.png
  artifactKey: Guid(1b4c0a4553bdc5b49aefcff8ec57e24a) Importer(815301076,1909f56bfc062723c751e8b465ee728b)
Start importing Assets/Enemies/Voladores/Bee/Sprites/idle/idle_00.png using Guid(1b4c0a4553bdc5b49aefcff8ec57e24a) Importer(815301076,1909f56bfc062723c751e8b465ee728b)  -> (artifact id: 'b222dacd53017a13f8e0c4663d446a5e') in 0.542784 seconds 
========================================================================
Received Import Request.
  Time since last request: 1.803572 seconds.
  path: Assets/Enemies/Voladores/Bee/Sprites/idle/idle_03.png
  artifactKey: Guid(f40948d558d356f42ad4d70738d2a29c) Importer(815301076,1909f56bfc062723c751e8b465ee728b)
Start importing Assets/Enemies/Voladores/Bee/Sprites/idle/idle_03.png using Guid(f40948d558d356f42ad4d70738d2a29c) Importer(815301076,1909f56bfc062723c751e8b465ee728b)  -> (artifact id: '6ac54e9ef2e5e19454e503a81c236f52') in 0.041340 seconds 
========================================================================
Received Import Request.
  Time since last request: 42.411668 seconds.
  path: Assets/Enemies/Voladores/Bee/Sprites/run/run_00.png
  artifactKey: Guid(ffb2f0cd88d90e747b099644e0c0c2ad) Importer(815301076,1909f56bfc062723c751e8b465ee728b)
Start importing Assets/Enemies/Voladores/Bee/Sprites/run/run_00.png using Guid(ffb2f0cd88d90e747b099644e0c0c2ad) Importer(815301076,1909f56bfc062723c751e8b465ee728b)  -> (artifact id: '7b0216d09ce4f1e5e9274027ffa8c25f') in 0.071309 seconds 
========================================================================
Received Import Request.
  Time since last request: 2.902762 seconds.
  path: Assets/Enemies/Voladores/Bee/Sprites/run/run_06.png
  artifactKey: Guid(3192ef91b8ac474499acee3b16a156d8) Importer(815301076,1909f56bfc062723c751e8b465ee728b)
Start importing Assets/Enemies/Voladores/Bee/Sprites/run/run_06.png using Guid(3192ef91b8ac474499acee3b16a156d8) Importer(815301076,1909f56bfc062723c751e8b465ee728b)  -> (artifact id: '4e7ae0ad8de4d3426973c8550320f8c7') in 0.051944 seconds 
========================================================================
Received Import Request.
  Time since last request: 10.680798 seconds.
  path: Assets/Enemies/Voladores/Bee/Sprites/die/die_00.png
  artifactKey: Guid(1a4e71be44801e947b1904e8e1862193) Importer(815301076,1909f56bfc062723c751e8b465ee728b)
Start importing Assets/Enemies/Voladores/Bee/Sprites/die/die_00.png using Guid(1a4e71be44801e947b1904e8e1862193) Importer(815301076,1909f56bfc062723c751e8b465ee728b)  -> (artifact id: 'afd2127967a6a2d4cebde41b47d61591') in 0.060777 seconds 
========================================================================
Received Import Request.
  Time since last request: 0.976692 seconds.
  path: Assets/Enemies/Voladores/Bee/Sprites/die/die_07.png
  artifactKey: Guid(329a72cad44ce0e4d954a1c3e5bd9cb0) Importer(815301076,1909f56bfc062723c751e8b465ee728b)
Start importing Assets/Enemies/Voladores/Bee/Sprites/die/die_07.png using Guid(329a72cad44ce0e4d954a1c3e5bd9cb0) Importer(815301076,1909f56bfc062723c751e8b465ee728b)  -> (artifact id: '0653d26665685a643f369477087c0bf5') in 0.077174 seconds 
========================================================================
Received Import Request.
  Time since last request: 70.965768 seconds.
  path: Assets/Enemies/Voladores/Bee/Sprites/attack/attack_00.png
  artifactKey: Guid(2e1fe01b7260f5c429ac397aee032247) Importer(815301076,1909f56bfc062723c751e8b465ee728b)
Start importing Assets/Enemies/Voladores/Bee/Sprites/attack/attack_00.png using Guid(2e1fe01b7260f5c429ac397aee032247) Importer(815301076,1909f56bfc062723c751e8b465ee728b)  -> (artifact id: '2dc5abf8dcb9c7e1fe51255b27ff7638') in 0.082938 seconds 
========================================================================
Received Import Request.
  Time since last request: 2.406468 seconds.
  path: Assets/Enemies/Voladores/Bee/Sprites/attack/attack_02.png
  artifactKey: Guid(105f3c809ec02664bb232ee47071df3e) Importer(815301076,1909f56bfc062723c751e8b465ee728b)
Start importing Assets/Enemies/Voladores/Bee/Sprites/attack/attack_02.png using Guid(105f3c809ec02664bb232ee47071df3e) Importer(815301076,1909f56bfc062723c751e8b465ee728b)  -> (artifact id: '188e774545a46e57c7980dea4bd283dc') in 0.055230 seconds 
========================================================================
Received Import Request.
  Time since last request: 70.234428 seconds.
  path: Assets/2D Platformer Tileset/Sprites/Enemy/Bat
  artifactKey: Guid(749a5e2b4bc7fc3498f67ccce4d01704) Importer(815301076,1909f56bfc062723c751e8b465ee728b)
Start importing Assets/2D Platformer Tileset/Sprites/Enemy/Bat using Guid(749a5e2b4bc7fc3498f67ccce4d01704) Importer(815301076,1909f56bfc062723c751e8b465ee728b)  -> (artifact id: '29371cbaa5aed32728bb9fe0fd75e40a') in 0.010778 seconds 
========================================================================
Received Import Request.
  Time since last request: 20.308354 seconds.
  path: Assets/Enemies/Voladores/Bat/Sprites
  artifactKey: Guid(749a5e2b4bc7fc3498f67ccce4d01704) Importer(815301076,1909f56bfc062723c751e8b465ee728b)
Start importing Assets/Enemies/Voladores/Bat/Sprites using Guid(749a5e2b4bc7fc3498f67ccce4d01704) Importer(815301076,1909f56bfc062723c751e8b465ee728b)  -> (artifact id: '23d83b619a3bbbf454d986b741883bac') in 0.017381 seconds 
========================================================================
Received Import Request.
  Time since last request: 25.564087 seconds.
  path: Assets/Enemies/Voladores/Bat/BatAnimController.controller
  artifactKey: Guid(8814ec596e2f2de4fbb73014a6bc66b8) Importer(815301076,1909f56bfc062723c751e8b465ee728b)
Start importing Assets/Enemies/Voladores/Bat/BatAnimController.controller using Guid(8814ec596e2f2de4fbb73014a6bc66b8) Importer(815301076,1909f56bfc062723c751e8b465ee728b)  -> (artifact id: '26c98b496cd81356db29d11704cb8c97') in 0.033507 seconds 
========================================================================
Received Import Request.
  Time since last request: 78.061455 seconds.
  path: Assets/Enemies/Voladores/Bat/Attack.anim
  artifactKey: Guid(debb0dfba766d024c84e4488ed359cf1) Importer(815301076,1909f56bfc062723c751e8b465ee728b)
Start importing Assets/Enemies/Voladores/Bat/Attack.anim using Guid(debb0dfba766d024c84e4488ed359cf1) Importer(815301076,1909f56bfc062723c751e8b465ee728b)  -> (artifact id: 'a35bfdce3ba06039aa958fa746226549') in 0.015255 seconds 
========================================================================
Received Import Request.
  Time since last request: 11.534657 seconds.
  path: Assets/Enemies/Voladores/Bat/Die.anim
  artifactKey: Guid(c45fac95743283442a9752e9649e5cc0) Importer(815301076,1909f56bfc062723c751e8b465ee728b)
Start importing Assets/Enemies/Voladores/Bat/Die.anim using Guid(c45fac95743283442a9752e9649e5cc0) Importer(815301076,1909f56bfc062723c751e8b465ee728b)  -> (artifact id: '8f1d8b8a689d30e399871c4f845bc3ff') in 0.019088 seconds 
========================================================================
Received Import Request.
  Time since last request: 4.517462 seconds.
  path: Assets/Enemies/Voladores/Bat/Idel.anim
  artifactKey: Guid(659925427f5150b44babf952ddf3cad8) Importer(815301076,1909f56bfc062723c751e8b465ee728b)
Start importing Assets/Enemies/Voladores/Bat/Idel.anim using Guid(659925427f5150b44babf952ddf3cad8) Importer(815301076,1909f56bfc062723c751e8b465ee728b)  -> (artifact id: '3f2dfa60b9bc4446c8f5a1d8b5f68efd') in 0.017169 seconds 
========================================================================
Received Import Request.
  Time since last request: 3.582228 seconds.
  path: Assets/Enemies/Voladores/Bat/Idle.anim
  artifactKey: Guid(659925427f5150b44babf952ddf3cad8) Importer(815301076,1909f56bfc062723c751e8b465ee728b)
Start importing Assets/Enemies/Voladores/Bat/Idle.anim using Guid(659925427f5150b44babf952ddf3cad8) Importer(815301076,1909f56bfc062723c751e8b465ee728b)  -> (artifact id: 'caa8a4bab38a3cf36c0b642d0348d19f') in 0.016141 seconds 
========================================================================
Received Import Request.
  Time since last request: 7.995600 seconds.
  path: Assets/Enemies/Voladores/Bat/Run.anim
  artifactKey: Guid(f5fccdbb837672848ad483c2370220bb) Importer(815301076,1909f56bfc062723c751e8b465ee728b)
Start importing Assets/Enemies/Voladores/Bat/Run.anim using Guid(f5fccdbb837672848ad483c2370220bb) Importer(815301076,1909f56bfc062723c751e8b465ee728b)  -> (artifact id: 'c30f5f7543641c5b6bdadc148b40188a') in 0.015887 seconds 
========================================================================
Received Import Request.
  Time since last request: 20.220047 seconds.
  path: Assets/Enemies/Voladores/Bat/Sprites/hang
  artifactKey: Guid(904935713ea64be4a9ed48cffac966b8) Importer(815301076,1909f56bfc062723c751e8b465ee728b)
Start importing Assets/Enemies/Voladores/Bat/Sprites/hang using Guid(904935713ea64be4a9ed48cffac966b8) Importer(815301076,1909f56bfc062723c751e8b465ee728b)  -> (artifact id: '0663aa66a003ec88ffec3ef2f171083d') in 0.016409 seconds 
========================================================================
Received Import Request.
  Time since last request: 1.380838 seconds.
  path: Assets/Enemies/Voladores/Bat/Sprites/hang/hang_0.png
  artifactKey: Guid(c28fe00526c370b49bcc688c125fb241) Importer(815301076,1909f56bfc062723c751e8b465ee728b)
Start importing Assets/Enemies/Voladores/Bat/Sprites/hang/hang_0.png using Guid(c28fe00526c370b49bcc688c125fb241) Importer(815301076,1909f56bfc062723c751e8b465ee728b)  -> (artifact id: '432b26da68a3ffe94511d655d65d25b0') in 0.069977 seconds 
========================================================================
Received Import Request.
  Time since last request: 4.799804 seconds.
  path: Assets/Enemies/Voladores/Bat/Sprites/die
  artifactKey: Guid(6e6e78bd3fadecc4590be4ac8527e5d5) Importer(815301076,1909f56bfc062723c751e8b465ee728b)
Start importing Assets/Enemies/Voladores/Bat/Sprites/die using Guid(6e6e78bd3fadecc4590be4ac8527e5d5) Importer(815301076,1909f56bfc062723c751e8b465ee728b)  -> (artifact id: 'c5635ee1738204698476bbbf91fcc639') in 0.016985 seconds 
========================================================================
Received Import Request.
  Time since last request: 12.382257 seconds.
  path: Assets/Enemies/Voladores/Bat/Fly.anim
  artifactKey: Guid(f5fccdbb837672848ad483c2370220bb) Importer(815301076,1909f56bfc062723c751e8b465ee728b)
Start importing Assets/Enemies/Voladores/Bat/Fly.anim using Guid(f5fccdbb837672848ad483c2370220bb) Importer(815301076,1909f56bfc062723c751e8b465ee728b)  -> (artifact id: 'edcfa798524f8b4d93335bdd36f5b702') in 0.043989 seconds 
========================================================================
Received Import Request.
  Time since last request: 15.223818 seconds.
  path: Assets/Enemies/Voladores/Bat/Hang.anim
  artifactKey: Guid(659925427f5150b44babf952ddf3cad8) Importer(815301076,1909f56bfc062723c751e8b465ee728b)
Start importing Assets/Enemies/Voladores/Bat/Hang.anim using Guid(659925427f5150b44babf952ddf3cad8) Importer(815301076,1909f56bfc062723c751e8b465ee728b)  -> (artifact id: 'c01c8b8eeed166e49a2691d230499426') in 0.030371 seconds 
========================================================================
Received Import Request.
  Time since last request: 503.279122 seconds.
  path: Assets/Enemies/Voladores/Bat/BatAnimController.controller
  artifactKey: Guid(8814ec596e2f2de4fbb73014a6bc66b8) Importer(815301076,1909f56bfc062723c751e8b465ee728b)
Start importing Assets/Enemies/Voladores/Bat/BatAnimController.controller using Guid(8814ec596e2f2de4fbb73014a6bc66b8) Importer(815301076,1909f56bfc062723c751e8b465ee728b)  -> (artifact id: '9e79f48d289247b204dcd3b4b8b675c5') in 0.025121 seconds 
========================================================================
Received Prepare
Registering precompiled user dll's ...
Registered in 0.009971 seconds.
Begin MonoManager ReloadAssembly
Native extension for WindowsStandalone target not found
Refreshing native plugins compatible for Editor in 1.17 ms, found 2 plugins.
Preloading 0 native plugins for Editor in 0.00 ms.
Mono: successfully reloaded assembly
- Completed reload, in  4.614 seconds
Platform modules already initialized, skipping
Refreshing native plugins compatible for Editor in 1.90 ms, found 2 plugins.
Preloading 0 native plugins for Editor in 0.00 ms.
Unloading 3374 Unused Serialized files (Serialized files now loaded: 0)
System memory in use before: 140.2 MB.
System memory in use after: 140.3 MB.

Unloading 16 unused Assets to reduce memory usage. Loaded Objects now: 4083.
Total: 10.846700 ms (FindLiveObjects: 3.961900 ms CreateObjectMapping: 1.785300 ms MarkObjects: 4.927800 ms  DeleteObjects: 0.169800 ms)

========================================================================
Received Prepare
Registering precompiled user dll's ...
Registered in 0.007105 seconds.
Begin MonoManager ReloadAssembly
Native extension for WindowsStandalone target not found
Refreshing native plugins compatible for Editor in 1.06 ms, found 2 plugins.
Preloading 0 native plugins for Editor in 0.00 ms.
Mono: successfully reloaded assembly
- Completed reload, in  2.511 seconds
Platform modules already initialized, skipping
Refreshing native plugins compatible for Editor in 1.42 ms, found 2 plugins.
Preloading 0 native plugins for Editor in 0.00 ms.
Unloading 3365 Unused Serialized files (Serialized files now loaded: 0)
System memory in use before: 139.9 MB.
System memory in use after: 140.0 MB.

Unloading 16 unused Assets to reduce memory usage. Loaded Objects now: 4087.
Total: 3.718700 ms (FindLiveObjects: 0.483900 ms CreateObjectMapping: 0.268300 ms MarkObjects: 2.864300 ms  DeleteObjects: 0.100500 ms)

========================================================================
Received Import Request.
  Time since last request: 1473.546808 seconds.
  path: Assets/Enemies/EnemyAI.cs
  artifactKey: Guid(6832f03c26ebbea4ba40296d14e52931) Importer(815301076,1909f56bfc062723c751e8b465ee728b)
Start importing Assets/Enemies/EnemyAI.cs using Guid(6832f03c26ebbea4ba40296d14e52931) Importer(815301076,1909f56bfc062723c751e8b465ee728b)  -> (artifact id: 'f685e3ca368f1df8851266ee25bcc9ed') in 0.017438 seconds 
========================================================================
Received Prepare
Registering precompiled user dll's ...
Registered in 0.008102 seconds.
Begin MonoManager ReloadAssembly
Native extension for WindowsStandalone target not found
Refreshing native plugins compatible for Editor in 2.57 ms, found 2 plugins.
Preloading 0 native plugins for Editor in 0.00 ms.
Mono: successfully reloaded assembly
- Completed reload, in  3.476 seconds
Platform modules already initialized, skipping
Refreshing native plugins compatible for Editor in 2.25 ms, found 2 plugins.
Preloading 0 native plugins for Editor in 0.00 ms.
Unloading 3364 Unused Serialized files (Serialized files now loaded: 0)
System memory in use before: 139.9 MB.
System memory in use after: 140.0 MB.

Unloading 17 unused Assets to reduce memory usage. Loaded Objects now: 4090.
Total: 4.098400 ms (FindLiveObjects: 0.867900 ms CreateObjectMapping: 0.464900 ms MarkObjects: 2.663400 ms  DeleteObjects: 0.095600 ms)

========================================================================
Received Prepare
Registering precompiled user dll's ...
Registered in 0.008589 seconds.
Begin MonoManager ReloadAssembly
Native extension for WindowsStandalone target not found
Refreshing native plugins compatible for Editor in 0.99 ms, found 2 plugins.
Preloading 0 native plugins for Editor in 0.00 ms.
Mono: successfully reloaded assembly
- Completed reload, in  4.215 seconds
Platform modules already initialized, skipping
Refreshing native plugins compatible for Editor in 1.31 ms, found 2 plugins.
Preloading 0 native plugins for Editor in 0.00 ms.
Unloading 3364 Unused Serialized files (Serialized files now loaded: 0)
System memory in use before: 139.9 MB.
System memory in use after: 140.0 MB.

Unloading 16 unused Assets to reduce memory usage. Loaded Objects now: 4094.
Total: 6.912500 ms (FindLiveObjects: 0.787800 ms CreateObjectMapping: 0.387100 ms MarkObjects: 5.574500 ms  DeleteObjects: 0.161400 ms)

========================================================================
Received Prepare
Registering precompiled user dll's ...
Registered in 0.009255 seconds.
Begin MonoManager ReloadAssembly
Native extension for WindowsStandalone target not found
Refreshing native plugins compatible for Editor in 0.90 ms, found 2 plugins.
Preloading 0 native plugins for Editor in 0.00 ms.
Mono: successfully reloaded assembly
- Completed reload, in  2.807 seconds
Platform modules already initialized, skipping
Refreshing native plugins compatible for Editor in 0.86 ms, found 2 plugins.
Preloading 0 native plugins for Editor in 0.00 ms.
Unloading 3363 Unused Serialized files (Serialized files now loaded: 0)
System memory in use before: 139.9 MB.
System memory in use after: 140.0 MB.

Unloading 17 unused Assets to reduce memory usage. Loaded Objects now: 4097.
Total: 4.058700 ms (FindLiveObjects: 0.571300 ms CreateObjectMapping: 0.254400 ms MarkObjects: 3.100200 ms  DeleteObjects: 0.131200 ms)

========================================================================
Received Import Request.
  Time since last request: 366.813054 seconds.
  path: Assets/Enemies/Voladores/FlyingEnemyScript.cs
  artifactKey: Guid(a3649d4e9628dc54d8629f71990942bb) Importer(815301076,1909f56bfc062723c751e8b465ee728b)
Start importing Assets/Enemies/Voladores/FlyingEnemyScript.cs using Guid(a3649d4e9628dc54d8629f71990942bb) Importer(815301076,1909f56bfc062723c751e8b465ee728b)  -> (artifact id: 'c238be475c5e67995ed5e8f0b112f890') in 0.046804 seconds 
========================================================================
Received Prepare
Registering precompiled user dll's ...
Registered in 0.005693 seconds.
Begin MonoManager ReloadAssembly
Native extension for WindowsStandalone target not found
Refreshing native plugins compatible for Editor in 2.55 ms, found 2 plugins.
Preloading 0 native plugins for Editor in 0.00 ms.
Mono: successfully reloaded assembly
- Completed reload, in  2.669 seconds
Platform modules already initialized, skipping
Refreshing native plugins compatible for Editor in 1.85 ms, found 2 plugins.
Preloading 0 native plugins for Editor in 0.00 ms.
Unloading 3364 Unused Serialized files (Serialized files now loaded: 0)
System memory in use before: 139.9 MB.
System memory in use after: 140.0 MB.

Unloading 16 unused Assets to reduce memory usage. Loaded Objects now: 4102.
Total: 5.259800 ms (FindLiveObjects: 0.454700 ms CreateObjectMapping: 0.640100 ms MarkObjects: 4.053200 ms  DeleteObjects: 0.110400 ms)

========================================================================
Received Import Request.
  Time since last request: 602.542788 seconds.
  path: Assets/Enemies/Voladores/FlyingEnemyScript.cs
  artifactKey: Guid(a3649d4e9628dc54d8629f71990942bb) Importer(815301076,1909f56bfc062723c751e8b465ee728b)
Start importing Assets/Enemies/Voladores/FlyingEnemyScript.cs using Guid(a3649d4e9628dc54d8629f71990942bb) Importer(815301076,1909f56bfc062723c751e8b465ee728b)  -> (artifact id: 'de3c151e4d48ceb1e9dbdfa02031c6cf') in 0.013663 seconds 
========================================================================
Received Import Request.
  Time since last request: 99.789372 seconds.
  path: Assets/Enemies/Voladores/Bee/BeeAnimController.controller
  artifactKey: Guid(a768f533361001340aba99b16e3d4d97) Importer(815301076,1909f56bfc062723c751e8b465ee728b)
Start importing Assets/Enemies/Voladores/Bee/BeeAnimController.controller using Guid(a768f533361001340aba99b16e3d4d97) Importer(815301076,1909f56bfc062723c751e8b465ee728b)  -> (artifact id: '7c7233685d91421f80154a8eb336c451') in 0.046123 seconds 
========================================================================
Received Import Request.
  Time since last request: 74.280358 seconds.
  path: Assets/Enemies/Voladores/Bee/BeeAnimController.controller
  artifactKey: Guid(a768f533361001340aba99b16e3d4d97) Importer(815301076,1909f56bfc062723c751e8b465ee728b)
Start importing Assets/Enemies/Voladores/Bee/BeeAnimController.controller using Guid(a768f533361001340aba99b16e3d4d97) Importer(815301076,1909f56bfc062723c751e8b465ee728b)  -> (artifact id: '77bab8f431c18252f6eed3ce054227fa') in 0.017967 seconds 
========================================================================
Received Prepare
Registering precompiled user dll's ...
Registered in 0.005488 seconds.
Begin MonoManager ReloadAssembly
Native extension for WindowsStandalone target not found
Refreshing native plugins compatible for Editor in 1.29 ms, found 2 plugins.
Preloading 0 native plugins for Editor in 0.00 ms.
Mono: successfully reloaded assembly
- Completed reload, in  2.040 seconds
Platform modules already initialized, skipping
Refreshing native plugins compatible for Editor in 1.45 ms, found 2 plugins.
Preloading 0 native plugins for Editor in 0.00 ms.
Unloading 3364 Unused Serialized files (Serialized files now loaded: 0)
System memory in use before: 140.1 MB.
System memory in use after: 140.2 MB.

Unloading 16 unused Assets to reduce memory usage. Loaded Objects now: 4106.
Total: 3.797100 ms (FindLiveObjects: 0.497400 ms CreateObjectMapping: 0.292000 ms MarkObjects: 2.900400 ms  DeleteObjects: 0.105900 ms)

========================================================================
Received Import Request.
  Time since last request: 90.553930 seconds.
  path: Assets/Enemies/Voladores/Bee/Idle.anim
  artifactKey: Guid(6b057ed763da1e942893499aa2313aec) Importer(815301076,1909f56bfc062723c751e8b465ee728b)
Start importing Assets/Enemies/Voladores/Bee/Idle.anim using Guid(6b057ed763da1e942893499aa2313aec) Importer(815301076,1909f56bfc062723c751e8b465ee728b)  -> (artifact id: 'a18c2829824a73921545be68e30557ab') in 0.026914 seconds 
========================================================================
Received Import Request.
  Time since last request: 4.163814 seconds.
  path: Assets/Enemies/Voladores/Bee/Run.anim
  artifactKey: Guid(bee517c9578f7af4a8d45483a5723ec3) Importer(815301076,1909f56bfc062723c751e8b465ee728b)
Start importing Assets/Enemies/Voladores/Bee/Run.anim using Guid(bee517c9578f7af4a8d45483a5723ec3) Importer(815301076,1909f56bfc062723c751e8b465ee728b)  -> (artifact id: '427a74a8b1c2d7e4e43d28deaeb9b1af') in 0.017066 seconds 
========================================================================
Received Prepare
Registering precompiled user dll's ...
Registered in 0.005718 seconds.
Begin MonoManager ReloadAssembly
Native extension for WindowsStandalone target not found
Refreshing native plugins compatible for Editor in 1.23 ms, found 2 plugins.
Preloading 0 native plugins for Editor in 0.00 ms.
Mono: successfully reloaded assembly
- Completed reload, in  1.687 seconds
Platform modules already initialized, skipping
Refreshing native plugins compatible for Editor in 3.89 ms, found 2 plugins.
Preloading 0 native plugins for Editor in 0.00 ms.
Unloading 3364 Unused Serialized files (Serialized files now loaded: 0)
System memory in use before: 140.1 MB.
System memory in use after: 140.2 MB.

Unloading 16 unused Assets to reduce memory usage. Loaded Objects now: 4110.
Total: 3.859100 ms (FindLiveObjects: 0.432200 ms CreateObjectMapping: 0.242900 ms MarkObjects: 3.059900 ms  DeleteObjects: 0.122600 ms)

========================================================================
Received Import Request.
  Time since last request: 6.965053 seconds.
  path: Assets/Enemies/Voladores/Bee/Run.anim
  artifactKey: Guid(bee517c9578f7af4a8d45483a5723ec3) Importer(815301076,1909f56bfc062723c751e8b465ee728b)
Start importing Assets/Enemies/Voladores/Bee/Run.anim using Guid(bee517c9578f7af4a8d45483a5723ec3) Importer(815301076,1909f56bfc062723c751e8b465ee728b)  -> (artifact id: 'a367acb5fd60498ca9b0e75a03a16966') in 0.027561 seconds 
========================================================================
Received Prepare
Registering precompiled user dll's ...
Registered in 0.007220 seconds.
Begin MonoManager ReloadAssembly
Native extension for WindowsStandalone target not found
Refreshing native plugins compatible for Editor in 1.17 ms, found 2 plugins.
Preloading 0 native plugins for Editor in 0.00 ms.
Mono: successfully reloaded assembly
- Completed reload, in  1.810 seconds
Platform modules already initialized, skipping
Refreshing native plugins compatible for Editor in 1.40 ms, found 2 plugins.
Preloading 0 native plugins for Editor in 0.00 ms.
Unloading 3364 Unused Serialized files (Serialized files now loaded: 0)
System memory in use before: 140.2 MB.
System memory in use after: 140.3 MB.

Unloading 16 unused Assets to reduce memory usage. Loaded Objects now: 4114.
Total: 3.842000 ms (FindLiveObjects: 0.378700 ms CreateObjectMapping: 0.239100 ms MarkObjects: 3.120800 ms  DeleteObjects: 0.101500 ms)

========================================================================
Received Prepare
Registering precompiled user dll's ...
Registered in 0.004783 seconds.
Begin MonoManager ReloadAssembly
Native extension for WindowsStandalone target not found
Refreshing native plugins compatible for Editor in 1.99 ms, found 2 plugins.
Preloading 0 native plugins for Editor in 0.00 ms.
Mono: successfully reloaded assembly
- Completed reload, in  2.116 seconds
Platform modules already initialized, skipping
Refreshing native plugins compatible for Editor in 0.88 ms, found 2 plugins.
Preloading 0 native plugins for Editor in 0.00 ms.
Unloading 3364 Unused Serialized files (Serialized files now loaded: 0)
System memory in use before: 140.2 MB.
System memory in use after: 140.3 MB.

Unloading 16 unused Assets to reduce memory usage. Loaded Objects now: 4118.
Total: 12.984600 ms (FindLiveObjects: 1.352400 ms CreateObjectMapping: 0.572000 ms MarkObjects: 10.611500 ms  DeleteObjects: 0.445200 ms)

========================================================================
Received Prepare
Registering precompiled user dll's ...
Registered in 0.006255 seconds.
Begin MonoManager ReloadAssembly
Native extension for WindowsStandalone target not found
Refreshing native plugins compatible for Editor in 3.55 ms, found 2 plugins.
Preloading 0 native plugins for Editor in 0.00 ms.
Mono: successfully reloaded assembly
- Completed reload, in  2.181 seconds
Platform modules already initialized, skipping
Refreshing native plugins compatible for Editor in 2.18 ms, found 2 plugins.
Preloading 0 native plugins for Editor in 0.00 ms.
Unloading 3364 Unused Serialized files (Serialized files now loaded: 0)
System memory in use before: 140.2 MB.
System memory in use after: 140.3 MB.

Unloading 16 unused Assets to reduce memory usage. Loaded Objects now: 4122.
Total: 5.455900 ms (FindLiveObjects: 0.519200 ms CreateObjectMapping: 0.285200 ms MarkObjects: 4.474000 ms  DeleteObjects: 0.170100 ms)

========================================================================
Received Prepare
Registering precompiled user dll's ...
Registered in 0.004952 seconds.
Begin MonoManager ReloadAssembly
Native extension for WindowsStandalone target not found
Refreshing native plugins compatible for Editor in 0.94 ms, found 2 plugins.
Preloading 0 native plugins for Editor in 0.00 ms.
Mono: successfully reloaded assembly
- Completed reload, in  2.062 seconds
Platform modules already initialized, skipping
Refreshing native plugins compatible for Editor in 5.79 ms, found 2 plugins.
Preloading 0 native plugins for Editor in 0.00 ms.
Unloading 3364 Unused Serialized files (Serialized files now loaded: 0)
System memory in use before: 140.2 MB.
System memory in use after: 140.3 MB.

Unloading 16 unused Assets to reduce memory usage. Loaded Objects now: 4126.
Total: 9.669500 ms (FindLiveObjects: 3.182600 ms CreateObjectMapping: 0.818900 ms MarkObjects: 5.566300 ms  DeleteObjects: 0.099900 ms)

========================================================================
Received Prepare
Registering precompiled user dll's ...
Registered in 0.007909 seconds.
Begin MonoManager ReloadAssembly
Native extension for WindowsStandalone target not found
Refreshing native plugins compatible for Editor in 1.98 ms, found 2 plugins.
Preloading 0 native plugins for Editor in 0.00 ms.
Mono: successfully reloaded assembly
- Completed reload, in  3.657 seconds
Platform modules already initialized, skipping
Refreshing native plugins compatible for Editor in 1.57 ms, found 2 plugins.
Preloading 0 native plugins for Editor in 0.00 ms.
Unloading 3364 Unused Serialized files (Serialized files now loaded: 0)
System memory in use before: 140.2 MB.
System memory in use after: 140.3 MB.

Unloading 16 unused Assets to reduce memory usage. Loaded Objects now: 4130.
Total: 3.335300 ms (FindLiveObjects: 0.443800 ms CreateObjectMapping: 0.237400 ms MarkObjects: 2.545400 ms  DeleteObjects: 0.106300 ms)

========================================================================
Received Prepare
Registering precompiled user dll's ...
Registered in 0.007136 seconds.
Begin MonoManager ReloadAssembly
Native extension for WindowsStandalone target not found
Refreshing native plugins compatible for Editor in 1.06 ms, found 2 plugins.
Preloading 0 native plugins for Editor in 0.00 ms.
Mono: successfully reloaded assembly
- Completed reload, in  2.680 seconds
Platform modules already initialized, skipping
Refreshing native plugins compatible for Editor in 0.87 ms, found 2 plugins.
Preloading 0 native plugins for Editor in 0.00 ms.
Unloading 3364 Unused Serialized files (Serialized files now loaded: 0)
System memory in use before: 140.2 MB.
System memory in use after: 140.4 MB.

Unloading 16 unused Assets to reduce memory usage. Loaded Objects now: 4134.
Total: 3.404700 ms (FindLiveObjects: 0.470700 ms CreateObjectMapping: 0.254600 ms MarkObjects: 2.571700 ms  DeleteObjects: 0.106300 ms)

========================================================================
Received Prepare
Registering precompiled user dll's ...
Registered in 0.011398 seconds.
Begin MonoManager ReloadAssembly
Native extension for WindowsStandalone target not found
Refreshing native plugins compatible for Editor in 0.90 ms, found 2 plugins.
Preloading 0 native plugins for Editor in 0.00 ms.
Mono: successfully reloaded assembly
- Completed reload, in  2.011 seconds
Platform modules already initialized, skipping
Refreshing native plugins compatible for Editor in 1.96 ms, found 2 plugins.
Preloading 0 native plugins for Editor in 0.00 ms.
Unloading 3364 Unused Serialized files (Serialized files now loaded: 0)
System memory in use before: 140.2 MB.
System memory in use after: 140.4 MB.

Unloading 16 unused Assets to reduce memory usage. Loaded Objects now: 4138.
Total: 6.170400 ms (FindLiveObjects: 0.993800 ms CreateObjectMapping: 0.517100 ms MarkObjects: 4.561300 ms  DeleteObjects: 0.096600 ms)

========================================================================
Received Prepare
Registering precompiled user dll's ...
Registered in 0.007005 seconds.
Begin MonoManager ReloadAssembly
Native extension for WindowsStandalone target not found
Refreshing native plugins compatible for Editor in 0.88 ms, found 2 plugins.
Preloading 0 native plugins for Editor in 0.00 ms.
Mono: successfully reloaded assembly
- Completed reload, in  3.368 seconds
Platform modules already initialized, skipping
Refreshing native plugins compatible for Editor in 0.92 ms, found 2 plugins.
Preloading 0 native plugins for Editor in 0.00 ms.
Unloading 3364 Unused Serialized files (Serialized files now loaded: 0)
System memory in use before: 140.2 MB.
System memory in use after: 140.4 MB.

Unloading 16 unused Assets to reduce memory usage. Loaded Objects now: 4142.
Total: 4.737600 ms (FindLiveObjects: 0.383700 ms CreateObjectMapping: 0.277300 ms MarkObjects: 3.932000 ms  DeleteObjects: 0.143200 ms)

========================================================================
Received Prepare
Registering precompiled user dll's ...
Registered in 0.008077 seconds.
Begin MonoManager ReloadAssembly
Native extension for WindowsStandalone target not found
Refreshing native plugins compatible for Editor in 1.06 ms, found 2 plugins.
Preloading 0 native plugins for Editor in 0.00 ms.
Mono: successfully reloaded assembly
- Completed reload, in  2.313 seconds
Platform modules already initialized, skipping
Refreshing native plugins compatible for Editor in 0.95 ms, found 2 plugins.
Preloading 0 native plugins for Editor in 0.00 ms.
Unloading 3364 Unused Serialized files (Serialized files now loaded: 0)
System memory in use before: 140.2 MB.
System memory in use after: 140.4 MB.

Unloading 16 unused Assets to reduce memory usage. Loaded Objects now: 4146.
Total: 6.181900 ms (FindLiveObjects: 0.475900 ms CreateObjectMapping: 0.308000 ms MarkObjects: 5.133100 ms  DeleteObjects: 0.263100 ms)

========================================================================
Received Prepare
Registering precompiled user dll's ...
Registered in 0.007752 seconds.
Begin MonoManager ReloadAssembly
Native extension for WindowsStandalone target not found
Refreshing native plugins compatible for Editor in 1.76 ms, found 2 plugins.
Preloading 0 native plugins for Editor in 0.00 ms.
Mono: successfully reloaded assembly
- Completed reload, in  2.003 seconds
Platform modules already initialized, skipping
Refreshing native plugins compatible for Editor in 1.77 ms, found 2 plugins.
Preloading 0 native plugins for Editor in 0.00 ms.
Unloading 3364 Unused Serialized files (Serialized files now loaded: 0)
System memory in use before: 140.2 MB.
System memory in use after: 140.4 MB.

Unloading 16 unused Assets to reduce memory usage. Loaded Objects now: 4150.
Total: 6.455200 ms (FindLiveObjects: 0.476500 ms CreateObjectMapping: 0.277000 ms MarkObjects: 5.559100 ms  DeleteObjects: 0.140500 ms)

========================================================================
Received Prepare
Registering precompiled user dll's ...
Registered in 0.004900 seconds.
Begin MonoManager ReloadAssembly
Native extension for WindowsStandalone target not found
Refreshing native plugins compatible for Editor in 1.50 ms, found 2 plugins.
Preloading 0 native plugins for Editor in 0.00 ms.
Mono: successfully reloaded assembly
- Completed reload, in  2.327 seconds
Platform modules already initialized, skipping
Refreshing native plugins compatible for Editor in 0.91 ms, found 2 plugins.
Preloading 0 native plugins for Editor in 0.00 ms.
Unloading 3364 Unused Serialized files (Serialized files now loaded: 0)
System memory in use before: 140.3 MB.
System memory in use after: 140.4 MB.

Unloading 16 unused Assets to reduce memory usage. Loaded Objects now: 4154.
Total: 4.282300 ms (FindLiveObjects: 0.363200 ms CreateObjectMapping: 0.229100 ms MarkObjects: 3.569900 ms  DeleteObjects: 0.118100 ms)

========================================================================
Received Prepare
Registering precompiled user dll's ...
Registered in 0.004420 seconds.
Begin MonoManager ReloadAssembly
Native extension for WindowsStandalone target not found
Refreshing native plugins compatible for Editor in 2.34 ms, found 2 plugins.
Preloading 0 native plugins for Editor in 0.00 ms.
Mono: successfully reloaded assembly
- Completed reload, in  2.115 seconds
Platform modules already initialized, skipping
Refreshing native plugins compatible for Editor in 2.23 ms, found 2 plugins.
Preloading 0 native plugins for Editor in 0.00 ms.
Unloading 3364 Unused Serialized files (Serialized files now loaded: 0)
System memory in use before: 140.3 MB.
System memory in use after: 140.4 MB.

Unloading 16 unused Assets to reduce memory usage. Loaded Objects now: 4158.
Total: 3.659200 ms (FindLiveObjects: 0.425200 ms CreateObjectMapping: 0.280200 ms MarkObjects: 2.837400 ms  DeleteObjects: 0.115000 ms)

========================================================================
Received Prepare
Registering precompiled user dll's ...
Registered in 0.014147 seconds.
Begin MonoManager ReloadAssembly
Native extension for WindowsStandalone target not found
Refreshing native plugins compatible for Editor in 1.04 ms, found 2 plugins.
Preloading 0 native plugins for Editor in 0.00 ms.
Mono: successfully reloaded assembly
- Completed reload, in  1.929 seconds
Platform modules already initialized, skipping
Refreshing native plugins compatible for Editor in 0.90 ms, found 2 plugins.
Preloading 0 native plugins for Editor in 0.00 ms.
Unloading 3364 Unused Serialized files (Serialized files now loaded: 0)
System memory in use before: 140.3 MB.
System memory in use after: 140.4 MB.

Unloading 16 unused Assets to reduce memory usage. Loaded Objects now: 4162.
Total: 3.466000 ms (FindLiveObjects: 0.354500 ms CreateObjectMapping: 0.223300 ms MarkObjects: 2.787900 ms  DeleteObjects: 0.098900 ms)

========================================================================
Received Import Request.
  Time since last request: 2881.112504 seconds.
  path: Assets/Enemies/Voladores/Bee/BeeAnimController.controller
  artifactKey: Guid(a768f533361001340aba99b16e3d4d97) Importer(815301076,1909f56bfc062723c751e8b465ee728b)
Start importing Assets/Enemies/Voladores/Bee/BeeAnimController.controller using Guid(a768f533361001340aba99b16e3d4d97) Importer(815301076,1909f56bfc062723c751e8b465ee728b)  -> (artifact id: '32c8d11ea0c2da8d65c4f06059b5e0cd') in 0.039233 seconds 
========================================================================
Received Prepare
Registering precompiled user dll's ...
Registered in 0.010368 seconds.
Begin MonoManager ReloadAssembly
Native extension for WindowsStandalone target not found
Refreshing native plugins compatible for Editor in 1.34 ms, found 2 plugins.
Preloading 0 native plugins for Editor in 0.00 ms.
Mono: successfully reloaded assembly
- Completed reload, in  2.421 seconds
Platform modules already initialized, skipping
Refreshing native plugins compatible for Editor in 0.90 ms, found 2 plugins.
Preloading 0 native plugins for Editor in 0.00 ms.
Unloading 3364 Unused Serialized files (Serialized files now loaded: 0)
System memory in use before: 140.4 MB.
System memory in use after: 140.5 MB.

Unloading 16 unused Assets to reduce memory usage. Loaded Objects now: 4166.
Total: 3.435000 ms (FindLiveObjects: 0.434500 ms CreateObjectMapping: 0.273100 ms MarkObjects: 2.620000 ms  DeleteObjects: 0.105900 ms)

========================================================================
Received Prepare
Registering precompiled user dll's ...
Registered in 0.008752 seconds.
Begin MonoManager ReloadAssembly
Native extension for WindowsStandalone target not found
Refreshing native plugins compatible for Editor in 1.01 ms, found 2 plugins.
Preloading 0 native plugins for Editor in 0.00 ms.
Mono: successfully reloaded assembly
- Completed reload, in  1.940 seconds
Platform modules already initialized, skipping
Refreshing native plugins compatible for Editor in 5.48 ms, found 2 plugins.
Preloading 0 native plugins for Editor in 0.00 ms.
Unloading 3364 Unused Serialized files (Serialized files now loaded: 0)
System memory in use before: 140.4 MB.
System memory in use after: 140.5 MB.

Unloading 16 unused Assets to reduce memory usage. Loaded Objects now: 4170.
Total: 7.373100 ms (FindLiveObjects: 1.233200 ms CreateObjectMapping: 0.813200 ms MarkObjects: 5.108100 ms  DeleteObjects: 0.216800 ms)

========================================================================
Received Prepare
Registering precompiled user dll's ...
Registered in 0.007351 seconds.
Begin MonoManager ReloadAssembly
Native extension for WindowsStandalone target not found
Refreshing native plugins compatible for Editor in 0.88 ms, found 2 plugins.
Preloading 0 native plugins for Editor in 0.00 ms.
Mono: successfully reloaded assembly
- Completed reload, in  2.016 seconds
Platform modules already initialized, skipping
Refreshing native plugins compatible for Editor in 2.65 ms, found 2 plugins.
Preloading 0 native plugins for Editor in 0.00 ms.
Unloading 3364 Unused Serialized files (Serialized files now loaded: 0)
System memory in use before: 140.4 MB.
System memory in use after: 140.5 MB.

Unloading 16 unused Assets to reduce memory usage. Loaded Objects now: 4174.
Total: 6.468900 ms (FindLiveObjects: 0.612200 ms CreateObjectMapping: 0.327300 ms MarkObjects: 5.209300 ms  DeleteObjects: 0.318000 ms)

========================================================================
Received Prepare
Registering precompiled user dll's ...
Registered in 0.009594 seconds.
Begin MonoManager ReloadAssembly
Native extension for WindowsStandalone target not found
Refreshing native plugins compatible for Editor in 0.90 ms, found 2 plugins.
Preloading 0 native plugins for Editor in 0.00 ms.
Mono: successfully reloaded assembly
- Completed reload, in  2.432 seconds
Platform modules already initialized, skipping
Refreshing native plugins compatible for Editor in 3.23 ms, found 2 plugins.
Preloading 0 native plugins for Editor in 0.00 ms.
Unloading 3364 Unused Serialized files (Serialized files now loaded: 0)
System memory in use before: 140.4 MB.
System memory in use after: 140.5 MB.

Unloading 16 unused Assets to reduce memory usage. Loaded Objects now: 4178.
Total: 9.405700 ms (FindLiveObjects: 1.678000 ms CreateObjectMapping: 0.383500 ms MarkObjects: 7.200500 ms  DeleteObjects: 0.141900 ms)

========================================================================
Received Prepare
Registering precompiled user dll's ...
Registered in 0.005994 seconds.
Begin MonoManager ReloadAssembly
Native extension for WindowsStandalone target not found
Refreshing native plugins compatible for Editor in 1.40 ms, found 2 plugins.
Preloading 0 native plugins for Editor in 0.00 ms.
Mono: successfully reloaded assembly
- Completed reload, in  1.811 seconds
Platform modules already initialized, skipping
Refreshing native plugins compatible for Editor in 0.90 ms, found 2 plugins.
Preloading 0 native plugins for Editor in 0.00 ms.
Unloading 3364 Unused Serialized files (Serialized files now loaded: 0)
System memory in use before: 140.4 MB.
System memory in use after: 140.6 MB.

Unloading 16 unused Assets to reduce memory usage. Loaded Objects now: 4182.
Total: 3.620800 ms (FindLiveObjects: 0.659600 ms CreateObjectMapping: 0.321200 ms MarkObjects: 2.468400 ms  DeleteObjects: 0.169900 ms)

========================================================================
Received Prepare
Registering precompiled user dll's ...
Registered in 0.006058 seconds.
Begin MonoManager ReloadAssembly
Native extension for WindowsStandalone target not found
Refreshing native plugins compatible for Editor in 1.03 ms, found 2 plugins.
Preloading 0 native plugins for Editor in 0.00 ms.
Mono: successfully reloaded assembly
- Completed reload, in  1.930 seconds
Platform modules already initialized, skipping
Refreshing native plugins compatible for Editor in 0.91 ms, found 2 plugins.
Preloading 0 native plugins for Editor in 0.00 ms.
Unloading 3364 Unused Serialized files (Serialized files now loaded: 0)
System memory in use before: 140.4 MB.
System memory in use after: 140.6 MB.

Unloading 16 unused Assets to reduce memory usage. Loaded Objects now: 4186.
Total: 5.273900 ms (FindLiveObjects: 1.258200 ms CreateObjectMapping: 1.184600 ms MarkObjects: 2.729200 ms  DeleteObjects: 0.100300 ms)

========================================================================
Received Prepare
Registering precompiled user dll's ...
Registered in 0.006354 seconds.
Begin MonoManager ReloadAssembly
Native extension for WindowsStandalone target not found
Refreshing native plugins compatible for Editor in 0.99 ms, found 2 plugins.
Preloading 0 native plugins for Editor in 0.00 ms.
Mono: successfully reloaded assembly
- Completed reload, in  2.373 seconds
Platform modules already initialized, skipping
Refreshing native plugins compatible for Editor in 0.86 ms, found 2 plugins.
Preloading 0 native plugins for Editor in 0.00 ms.
Unloading 3364 Unused Serialized files (Serialized files now loaded: 0)
System memory in use before: 140.4 MB.
System memory in use after: 140.6 MB.

Unloading 16 unused Assets to reduce memory usage. Loaded Objects now: 4190.
Total: 3.192900 ms (FindLiveObjects: 0.328800 ms CreateObjectMapping: 0.233000 ms MarkObjects: 2.530900 ms  DeleteObjects: 0.098400 ms)

========================================================================
Received Prepare
Registering precompiled user dll's ...
Registered in 0.007175 seconds.
Begin MonoManager ReloadAssembly
Native extension for WindowsStandalone target not found
Refreshing native plugins compatible for Editor in 1.37 ms, found 2 plugins.
Preloading 0 native plugins for Editor in 0.00 ms.
Mono: successfully reloaded assembly
- Completed reload, in  2.331 seconds
Platform modules already initialized, skipping
Refreshing native plugins compatible for Editor in 1.72 ms, found 2 plugins.
Preloading 0 native plugins for Editor in 0.00 ms.
Unloading 3364 Unused Serialized files (Serialized files now loaded: 0)
System memory in use before: 140.4 MB.
System memory in use after: 140.6 MB.

Unloading 16 unused Assets to reduce memory usage. Loaded Objects now: 4194.
Total: 7.940200 ms (FindLiveObjects: 2.464000 ms CreateObjectMapping: 0.509700 ms MarkObjects: 4.810300 ms  DeleteObjects: 0.154000 ms)

========================================================================
Received Prepare
Registering precompiled user dll's ...
Registered in 0.013139 seconds.
Begin MonoManager ReloadAssembly
Native extension for WindowsStandalone target not found
Refreshing native plugins compatible for Editor in 0.98 ms, found 2 plugins.
Preloading 0 native plugins for Editor in 0.00 ms.
Mono: successfully reloaded assembly
- Completed reload, in  2.423 seconds
Platform modules already initialized, skipping
Refreshing native plugins compatible for Editor in 2.47 ms, found 2 plugins.
Preloading 0 native plugins for Editor in 0.00 ms.
Unloading 3364 Unused Serialized files (Serialized files now loaded: 0)
System memory in use before: 140.5 MB.
System memory in use after: 140.6 MB.

Unloading 16 unused Assets to reduce memory usage. Loaded Objects now: 4198.
Total: 4.207000 ms (FindLiveObjects: 1.095300 ms CreateObjectMapping: 0.334700 ms MarkObjects: 2.659100 ms  DeleteObjects: 0.106400 ms)

========================================================================
Received Prepare
Registering precompiled user dll's ...
Registered in 0.008927 seconds.
Begin MonoManager ReloadAssembly
Native extension for WindowsStandalone target not found
Refreshing native plugins compatible for Editor in 6.73 ms, found 2 plugins.
Preloading 0 native plugins for Editor in 0.00 ms.
Mono: successfully reloaded assembly
- Completed reload, in  2.302 seconds
Platform modules already initialized, skipping
Refreshing native plugins compatible for Editor in 1.23 ms, found 2 plugins.
Preloading 0 native plugins for Editor in 0.00 ms.
Unloading 3364 Unused Serialized files (Serialized files now loaded: 0)
System memory in use before: 140.5 MB.
System memory in use after: 140.6 MB.

Unloading 16 unused Assets to reduce memory usage. Loaded Objects now: 4202.
Total: 3.786400 ms (FindLiveObjects: 0.406500 ms CreateObjectMapping: 0.246200 ms MarkObjects: 2.899900 ms  DeleteObjects: 0.232100 ms)

========================================================================
Received Prepare
Registering precompiled user dll's ...
Registered in 0.007018 seconds.
Begin MonoManager ReloadAssembly
Native extension for WindowsStandalone target not found
Refreshing native plugins compatible for Editor in 0.89 ms, found 2 plugins.
Preloading 0 native plugins for Editor in 0.00 ms.
Mono: successfully reloaded assembly
- Completed reload, in  2.780 seconds
Platform modules already initialized, skipping
Refreshing native plugins compatible for Editor in 1.08 ms, found 2 plugins.
Preloading 0 native plugins for Editor in 0.00 ms.
Unloading 3364 Unused Serialized files (Serialized files now loaded: 0)
System memory in use before: 140.5 MB.
System memory in use after: 140.6 MB.

Unloading 16 unused Assets to reduce memory usage. Loaded Objects now: 4206.
Total: 3.944600 ms (FindLiveObjects: 0.395600 ms CreateObjectMapping: 0.234000 ms MarkObjects: 3.215400 ms  DeleteObjects: 0.094000 ms)

========================================================================
Received Prepare
Registering precompiled user dll's ...
Registered in 0.009617 seconds.
Begin MonoManager ReloadAssembly
Native extension for WindowsStandalone target not found
Refreshing native plugins compatible for Editor in 1.22 ms, found 2 plugins.
Preloading 0 native plugins for Editor in 0.00 ms.
Mono: successfully reloaded assembly
- Completed reload, in  2.587 seconds
Platform modules already initialized, skipping
Refreshing native plugins compatible for Editor in 1.14 ms, found 2 plugins.
Preloading 0 native plugins for Editor in 0.00 ms.
Unloading 3364 Unused Serialized files (Serialized files now loaded: 0)
System memory in use before: 140.5 MB.
System memory in use after: 140.6 MB.

Unloading 16 unused Assets to reduce memory usage. Loaded Objects now: 4210.
Total: 6.066400 ms (FindLiveObjects: 1.001700 ms CreateObjectMapping: 0.343100 ms MarkObjects: 4.604100 ms  DeleteObjects: 0.115700 ms)

========================================================================
Received Prepare
Registering precompiled user dll's ...
Registered in 0.006245 seconds.
Begin MonoManager ReloadAssembly
Native extension for WindowsStandalone target not found
Refreshing native plugins compatible for Editor in 1.46 ms, found 2 plugins.
Preloading 0 native plugins for Editor in 0.00 ms.
Mono: successfully reloaded assembly
- Completed reload, in  1.866 seconds
Platform modules already initialized, skipping
Refreshing native plugins compatible for Editor in 1.29 ms, found 2 plugins.
Preloading 0 native plugins for Editor in 0.00 ms.
Unloading 3364 Unused Serialized files (Serialized files now loaded: 0)
System memory in use before: 140.5 MB.
System memory in use after: 140.6 MB.

Unloading 16 unused Assets to reduce memory usage. Loaded Objects now: 4214.
Total: 4.060400 ms (FindLiveObjects: 0.630800 ms CreateObjectMapping: 0.618900 ms MarkObjects: 2.700200 ms  DeleteObjects: 0.109300 ms)

========================================================================
Received Prepare
Registering precompiled user dll's ...
Registered in 0.006545 seconds.
Begin MonoManager ReloadAssembly
Native extension for WindowsStandalone target not found
Refreshing native plugins compatible for Editor in 1.39 ms, found 2 plugins.
Preloading 0 native plugins for Editor in 0.00 ms.
Mono: successfully reloaded assembly
- Completed reload, in  1.719 seconds
Platform modules already initialized, skipping
Refreshing native plugins compatible for Editor in 1.31 ms, found 2 plugins.
Preloading 0 native plugins for Editor in 0.00 ms.
Unloading 3364 Unused Serialized files (Serialized files now loaded: 0)
System memory in use before: 140.5 MB.
System memory in use after: 140.7 MB.

Unloading 16 unused Assets to reduce memory usage. Loaded Objects now: 4218.
Total: 5.194800 ms (FindLiveObjects: 0.663500 ms CreateObjectMapping: 0.483500 ms MarkObjects: 3.926300 ms  DeleteObjects: 0.120400 ms)

========================================================================
Received Prepare
Registering precompiled user dll's ...
Registered in 0.009737 seconds.
Begin MonoManager ReloadAssembly
Native extension for WindowsStandalone target not found
Refreshing native plugins compatible for Editor in 1.73 ms, found 2 plugins.
Preloading 0 native plugins for Editor in 0.00 ms.
Mono: successfully reloaded assembly
- Completed reload, in  3.218 seconds
Platform modules already initialized, skipping
Refreshing native plugins compatible for Editor in 3.38 ms, found 2 plugins.
Preloading 0 native plugins for Editor in 0.00 ms.
Unloading 3364 Unused Serialized files (Serialized files now loaded: 0)
System memory in use before: 140.5 MB.
System memory in use after: 140.7 MB.

Unloading 16 unused Assets to reduce memory usage. Loaded Objects now: 4222.
Total: 5.753700 ms (FindLiveObjects: 0.449800 ms CreateObjectMapping: 0.263300 ms MarkObjects: 4.675800 ms  DeleteObjects: 0.363500 ms)

========================================================================
Received Prepare
Registering precompiled user dll's ...
Registered in 0.006383 seconds.
Begin MonoManager ReloadAssembly
Native extension for WindowsStandalone target not found
Refreshing native plugins compatible for Editor in 0.98 ms, found 2 plugins.
Preloading 0 native plugins for Editor in 0.00 ms.
Mono: successfully reloaded assembly
- Completed reload, in  2.058 seconds
Platform modules already initialized, skipping
Refreshing native plugins compatible for Editor in 0.91 ms, found 2 plugins.
Preloading 0 native plugins for Editor in 0.00 ms.
Unloading 3364 Unused Serialized files (Serialized files now loaded: 0)
System memory in use before: 140.5 MB.
System memory in use after: 140.7 MB.

Unloading 16 unused Assets to reduce memory usage. Loaded Objects now: 4226.
Total: 8.116100 ms (FindLiveObjects: 0.493700 ms CreateObjectMapping: 0.453300 ms MarkObjects: 6.919600 ms  DeleteObjects: 0.248000 ms)

========================================================================
Received Prepare
Registering precompiled user dll's ...
Registered in 0.009072 seconds.
Begin MonoManager ReloadAssembly
Native extension for WindowsStandalone target not found
Refreshing native plugins compatible for Editor in 0.90 ms, found 2 plugins.
Preloading 0 native plugins for Editor in 0.00 ms.
Mono: successfully reloaded assembly
- Completed reload, in  2.934 seconds
Platform modules already initialized, skipping
Refreshing native plugins compatible for Editor in 1.25 ms, found 2 plugins.
Preloading 0 native plugins for Editor in 0.00 ms.
Unloading 3364 Unused Serialized files (Serialized files now loaded: 0)
System memory in use before: 140.5 MB.
System memory in use after: 140.7 MB.

Unloading 16 unused Assets to reduce memory usage. Loaded Objects now: 4230.
Total: 5.156500 ms (FindLiveObjects: 0.650600 ms CreateObjectMapping: 0.571800 ms MarkObjects: 3.760800 ms  DeleteObjects: 0.171500 ms)

========================================================================
Received Prepare
Registering precompiled user dll's ...
Registered in 0.006646 seconds.
Begin MonoManager ReloadAssembly
Native extension for WindowsStandalone target not found
Refreshing native plugins compatible for Editor in 1.49 ms, found 2 plugins.
Preloading 0 native plugins for Editor in 0.00 ms.
Mono: successfully reloaded assembly
- Completed reload, in  2.450 seconds
Platform modules already initialized, skipping
Refreshing native plugins compatible for Editor in 1.20 ms, found 2 plugins.
Preloading 0 native plugins for Editor in 0.00 ms.
Unloading 3364 Unused Serialized files (Serialized files now loaded: 0)
System memory in use before: 140.5 MB.
System memory in use after: 140.7 MB.

Unloading 16 unused Assets to reduce memory usage. Loaded Objects now: 4234.
Total: 5.577800 ms (FindLiveObjects: 0.743100 ms CreateObjectMapping: 0.336500 ms MarkObjects: 4.353000 ms  DeleteObjects: 0.143400 ms)

========================================================================
Received Prepare
Registering precompiled user dll's ...
Registered in 0.008927 seconds.
Begin MonoManager ReloadAssembly
Native extension for WindowsStandalone target not found
Refreshing native plugins compatible for Editor in 1.29 ms, found 2 plugins.
Preloading 0 native plugins for Editor in 0.00 ms.
Mono: successfully reloaded assembly
- Completed reload, in  2.533 seconds
Platform modules already initialized, skipping
Refreshing native plugins compatible for Editor in 1.03 ms, found 2 plugins.
Preloading 0 native plugins for Editor in 0.00 ms.
Unloading 3364 Unused Serialized files (Serialized files now loaded: 0)
System memory in use before: 140.5 MB.
System memory in use after: 140.7 MB.

Unloading 16 unused Assets to reduce memory usage. Loaded Objects now: 4238.
Total: 7.129900 ms (FindLiveObjects: 1.134000 ms CreateObjectMapping: 0.415800 ms MarkObjects: 5.420600 ms  DeleteObjects: 0.127900 ms)

========================================================================
Received Import Request.
  Time since last request: 1869.521968 seconds.
  path: Assets/Enemies/Voladores/Bee/BeeAnimController.controller
  artifactKey: Guid(a768f533361001340aba99b16e3d4d97) Importer(815301076,1909f56bfc062723c751e8b465ee728b)
Start importing Assets/Enemies/Voladores/Bee/BeeAnimController.controller using Guid(a768f533361001340aba99b16e3d4d97) Importer(815301076,1909f56bfc062723c751e8b465ee728b)  -> (artifact id: 'dc79dc3ee4b036932369aa3f031dde43') in 0.037650 seconds 
========================================================================
Received Import Request.
  Time since last request: 183.396378 seconds.
  path: Assets/Enemies/Voladores/Bee/Attack.anim
  artifactKey: Guid(3b42ffa259f5c304abbc7a9580592f5c) Importer(815301076,1909f56bfc062723c751e8b465ee728b)
Start importing Assets/Enemies/Voladores/Bee/Attack.anim using Guid(3b42ffa259f5c304abbc7a9580592f5c) Importer(815301076,1909f56bfc062723c751e8b465ee728b)  -> (artifact id: 'd444b4a490891c62f438c68576a2f2d3') in 0.019017 seconds 
========================================================================
Received Import Request.
  Time since last request: 4.668088 seconds.
  path: Assets/Enemies/Voladores/Bee/Attack.anim
  artifactKey: Guid(3b42ffa259f5c304abbc7a9580592f5c) Importer(815301076,1909f56bfc062723c751e8b465ee728b)
Start importing Assets/Enemies/Voladores/Bee/Attack.anim using Guid(3b42ffa259f5c304abbc7a9580592f5c) Importer(815301076,1909f56bfc062723c751e8b465ee728b)  -> (artifact id: '3e5944c8fc388517426268108211f5f5') in 0.015578 seconds 
========================================================================
Received Import Request.
  Time since last request: 41.045491 seconds.
  path: Assets/Enemies/Voladores/Bee/BeeAnimController.controller
  artifactKey: Guid(a768f533361001340aba99b16e3d4d97) Importer(815301076,1909f56bfc062723c751e8b465ee728b)
Start importing Assets/Enemies/Voladores/Bee/BeeAnimController.controller using Guid(a768f533361001340aba99b16e3d4d97) Importer(815301076,1909f56bfc062723c751e8b465ee728b)  -> (artifact id: '8421552de1521e54eb60c7976b0c17ba') in 0.018645 seconds 
========================================================================
Received Prepare
Registering precompiled user dll's ...
Registered in 0.007175 seconds.
Begin MonoManager ReloadAssembly
Native extension for WindowsStandalone target not found
Refreshing native plugins compatible for Editor in 0.95 ms, found 2 plugins.
Preloading 0 native plugins for Editor in 0.00 ms.
Mono: successfully reloaded assembly
- Completed reload, in  1.625 seconds
Platform modules already initialized, skipping
Refreshing native plugins compatible for Editor in 1.62 ms, found 2 plugins.
Preloading 0 native plugins for Editor in 0.00 ms.
Unloading 3364 Unused Serialized files (Serialized files now loaded: 0)
System memory in use before: 140.6 MB.
System memory in use after: 140.7 MB.

Unloading 16 unused Assets to reduce memory usage. Loaded Objects now: 4242.
Total: 5.015600 ms (FindLiveObjects: 0.766700 ms CreateObjectMapping: 0.595400 ms MarkObjects: 3.555400 ms  DeleteObjects: 0.096900 ms)

========================================================================
Received Prepare
Registering precompiled user dll's ...
Registered in 0.005058 seconds.
Begin MonoManager ReloadAssembly
Native extension for WindowsStandalone target not found
Refreshing native plugins compatible for Editor in 1.13 ms, found 2 plugins.
Preloading 0 native plugins for Editor in 0.00 ms.
Mono: successfully reloaded assembly
- Completed reload, in  1.832 seconds
Platform modules already initialized, skipping
Refreshing native plugins compatible for Editor in 0.99 ms, found 2 plugins.
Preloading 0 native plugins for Editor in 0.00 ms.
Unloading 3364 Unused Serialized files (Serialized files now loaded: 0)
System memory in use before: 140.6 MB.
System memory in use after: 140.7 MB.

Unloading 16 unused Assets to reduce memory usage. Loaded Objects now: 4246.
Total: 5.279600 ms (FindLiveObjects: 0.724400 ms CreateObjectMapping: 0.475500 ms MarkObjects: 3.969600 ms  DeleteObjects: 0.108900 ms)

========================================================================
Received Import Request.
  Time since last request: 114.479348 seconds.
  path: Assets/Enemies/Voladores/Bee/BeeAnimController.controller
  artifactKey: Guid(a768f533361001340aba99b16e3d4d97) Importer(815301076,1909f56bfc062723c751e8b465ee728b)
Start importing Assets/Enemies/Voladores/Bee/BeeAnimController.controller using Guid(a768f533361001340aba99b16e3d4d97) Importer(815301076,1909f56bfc062723c751e8b465ee728b)  -> (artifact id: '6897cce8306632ec941efb2f03f42c71') in 0.037580 seconds 
========================================================================
Received Prepare
Registering precompiled user dll's ...
Registered in 0.009005 seconds.
Begin MonoManager ReloadAssembly
Native extension for WindowsStandalone target not found
Refreshing native plugins compatible for Editor in 0.86 ms, found 2 plugins.
Preloading 0 native plugins for Editor in 0.00 ms.
Mono: successfully reloaded assembly
- Completed reload, in  1.712 seconds
Platform modules already initialized, skipping
Refreshing native plugins compatible for Editor in 0.92 ms, found 2 plugins.
Preloading 0 native plugins for Editor in 0.00 ms.
Unloading 3364 Unused Serialized files (Serialized files now loaded: 0)
System memory in use before: 140.6 MB.
System memory in use after: 140.7 MB.

Unloading 16 unused Assets to reduce memory usage. Loaded Objects now: 4250.
Total: 3.386500 ms (FindLiveObjects: 0.436900 ms CreateObjectMapping: 0.260000 ms MarkObjects: 2.590500 ms  DeleteObjects: 0.097800 ms)

AssetImportWorkerClient::OnTransportError - code=2 error=End of file
